2025-06-01 09:25:18,980 - root - INFO - main:479 - Using specified stations: ['46022', '46026', '46059', '46086', '51001']
2025-06-01 09:25:18,980 - __main__ - INFO - run_single_collection:415 - Running single collection for 5 stations
2025-06-01 09:25:19,061 - urllib3.connectionpool - DEBUG - _new_conn:1049 - Starting new HTTPS connection (1): www.ndbc.noaa.gov:443
2025-06-01 09:25:19,062 - urllib3.connectionpool - DEBUG - _new_conn:1049 - Starting new HTTPS connection (2): www.ndbc.noaa.gov:443
2025-06-01 09:25:19,062 - urllib3.connectionpool - DEBUG - _new_conn:1049 - Starting new HTTPS connection (3): www.ndbc.noaa.gov:443
2025-06-01 09:25:19,062 - urllib3.connectionpool - DEBUG - _new_conn:1049 - Starting new HTTPS connection (4): www.ndbc.noaa.gov:443
2025-06-01 09:25:19,062 - urllib3.connectionpool - DEBUG - _new_conn:1049 - Starting new HTTPS connection (5): www.ndbc.noaa.gov:443
2025-06-01 09:25:19,063 - urllib3.connectionpool - DEBUG - _new_conn:1049 - Starting new HTTPS connection (6): www.ndbc.noaa.gov:443
2025-06-01 09:25:19,063 - urllib3.connectionpool - DEBUG - _new_conn:1049 - Starting new HTTPS connection (7): www.ndbc.noaa.gov:443
2025-06-01 09:25:19,063 - urllib3.connectionpool - DEBUG - _new_conn:1049 - Starting new HTTPS connection (8): www.ndbc.noaa.gov:443
2025-06-01 09:25:19,222 - urllib3.connectionpool - DEBUG - _make_request:544 - https://www.ndbc.noaa.gov:443 "GET /data/realtime2/46059.spec HTTP/1.1" 200 6066
2025-06-01 09:25:19,232 - __main__ - ERROR - collect_station_data:298 - Unexpected error collecting 46059 (spectral): [Errno 2] No such file or directory: 'data/buoy_data/raw/46059_spectral_20250601_0925.gz'
2025-06-01 09:25:19,251 - urllib3.connectionpool - DEBUG - _make_request:544 - https://www.ndbc.noaa.gov:443 "GET /data/realtime2/46086.txt HTTP/1.1" 200 None
2025-06-01 09:25:19,276 - urllib3.connectionpool - DEBUG - _make_request:544 - https://www.ndbc.noaa.gov:443 "GET /data/realtime2/46026.txt HTTP/1.1" 200 19834
2025-06-01 09:25:19,298 - urllib3.connectionpool - DEBUG - _make_request:544 - https://www.ndbc.noaa.gov:443 "GET /data/realtime2/46022.txt HTTP/1.1" 200 None
2025-06-01 09:25:19,308 - urllib3.connectionpool - DEBUG - _make_request:544 - https://www.ndbc.noaa.gov:443 "GET /data/realtime2/46086.spec HTTP/1.1" 200 18064
2025-06-01 09:25:19,325 - __main__ - ERROR - collect_station_data:298 - Unexpected error collecting 46026 (wave): [Errno 2] No such file or directory: 'data/buoy_data/raw/46026_wave_20250601_0925.gz'
2025-06-01 09:25:19,328 - __main__ - ERROR - collect_station_data:298 - Unexpected error collecting 46086 (spectral): [Errno 2] No such file or directory: 'data/buoy_data/raw/46086_spectral_20250601_0925.gz'
2025-06-01 09:25:19,332 - urllib3.connectionpool - DEBUG - _make_request:544 - https://www.ndbc.noaa.gov:443 "GET /data/realtime2/51001.spec HTTP/1.1" 200 25135
2025-06-01 09:25:19,359 - __main__ - ERROR - collect_station_data:298 - Unexpected error collecting 51001 (spectral): [Errno 2] No such file or directory: 'data/buoy_data/raw/51001_spectral_20250601_0925.gz'
2025-06-01 09:25:19,397 - urllib3.connectionpool - DEBUG - _make_request:544 - https://www.ndbc.noaa.gov:443 "GET /data/realtime2/51001.txt HTTP/1.1" 200 None
2025-06-01 09:25:19,473 - __main__ - ERROR - collect_station_data:298 - Unexpected error collecting 46086 (wave): [Errno 2] No such file or directory: 'data/buoy_data/raw/46086_wave_20250601_0925.gz'
2025-06-01 09:25:19,499 - __main__ - ERROR - collect_station_data:298 - Unexpected error collecting 46022 (wave): [Errno 2] No such file or directory: 'data/buoy_data/raw/46022_wave_20250601_0925.gz'
2025-06-01 09:25:19,506 - urllib3.connectionpool - DEBUG - _make_request:544 - https://www.ndbc.noaa.gov:443 "GET /data/realtime2/46026.spec HTTP/1.1" 200 7163
2025-06-01 09:25:19,511 - __main__ - ERROR - collect_station_data:298 - Unexpected error collecting 46026 (spectral): [Errno 2] No such file or directory: 'data/buoy_data/raw/46026_spectral_20250601_0925.gz'
2025-06-01 09:25:19,548 - urllib3.connectionpool - DEBUG - _make_request:544 - https://www.ndbc.noaa.gov:443 "GET /data/realtime2/46022.spec HTTP/1.1" 200 19889
2025-06-01 09:25:19,560 - __main__ - ERROR - collect_station_data:298 - Unexpected error collecting 51001 (wave): [Errno 2] No such file or directory: 'data/buoy_data/raw/51001_wave_20250601_0925.gz'
2025-06-01 09:25:19,564 - __main__ - ERROR - collect_station_data:298 - Unexpected error collecting 46022 (spectral): [Errno 2] No such file or directory: 'data/buoy_data/raw/46022_spectral_20250601_0925.gz'
2025-06-01 09:25:19,571 - urllib3.connectionpool - DEBUG - _make_request:544 - https://www.ndbc.noaa.gov:443 "GET /data/realtime2/46059.txt HTTP/1.1" 200 17980
2025-06-01 09:25:19,598 - __main__ - ERROR - collect_station_data:298 - Unexpected error collecting 46059 (wave): [Errno 2] No such file or directory: 'data/buoy_data/raw/46059_wave_20250601_0925.gz'
2025-06-01 09:27:02,891 - root - INFO - main:482 - Using specified stations: ['46022', '46026', '46059', '46086', '51001']
2025-06-01 09:27:02,891 - __main__ - INFO - run_single_collection:418 - Running single collection for 5 stations
2025-06-01 09:27:02,937 - urllib3.connectionpool - DEBUG - _new_conn:1049 - Starting new HTTPS connection (1): www.ndbc.noaa.gov:443
2025-06-01 09:27:02,937 - urllib3.connectionpool - DEBUG - _new_conn:1049 - Starting new HTTPS connection (2): www.ndbc.noaa.gov:443
2025-06-01 09:27:02,937 - urllib3.connectionpool - DEBUG - _new_conn:1049 - Starting new HTTPS connection (3): www.ndbc.noaa.gov:443
2025-06-01 09:27:02,937 - urllib3.connectionpool - DEBUG - _new_conn:1049 - Starting new HTTPS connection (4): www.ndbc.noaa.gov:443
2025-06-01 09:27:02,937 - urllib3.connectionpool - DEBUG - _new_conn:1049 - Starting new HTTPS connection (5): www.ndbc.noaa.gov:443
2025-06-01 09:27:02,937 - urllib3.connectionpool - DEBUG - _new_conn:1049 - Starting new HTTPS connection (6): www.ndbc.noaa.gov:443
2025-06-01 09:27:02,938 - urllib3.connectionpool - DEBUG - _new_conn:1049 - Starting new HTTPS connection (7): www.ndbc.noaa.gov:443
2025-06-01 09:27:02,938 - urllib3.connectionpool - DEBUG - _new_conn:1049 - Starting new HTTPS connection (8): www.ndbc.noaa.gov:443
2025-06-01 09:27:03,022 - urllib3.connectionpool - DEBUG - _make_request:544 - https://www.ndbc.noaa.gov:443 "GET /data/realtime2/46086.spec HTTP/1.1" 200 18064
2025-06-01 09:27:03,031 - urllib3.connectionpool - DEBUG - _make_request:544 - https://www.ndbc.noaa.gov:443 "GET /data/realtime2/46022.spec HTTP/1.1" 200 19889
2025-06-01 09:27:03,033 - urllib3.connectionpool - DEBUG - _make_request:544 - https://www.ndbc.noaa.gov:443 "GET /data/realtime2/46026.txt HTTP/1.1" 200 19834
2025-06-01 09:27:03,042 - __main__ - ERROR - collect_station_data:301 - Unexpected error collecting 46086 (spectral): [Errno 2] No such file or directory: 'data/buoy_data/raw/46086_spectral_20250601_0927.gz'
2025-06-01 09:27:03,046 - __main__ - ERROR - collect_station_data:301 - Unexpected error collecting 46022 (spectral): [Errno 2] No such file or directory: 'data/buoy_data/raw/46022_spectral_20250601_0927.gz'
2025-06-01 09:27:03,055 - urllib3.connectionpool - DEBUG - _make_request:544 - https://www.ndbc.noaa.gov:443 "GET /data/realtime2/46022.txt HTTP/1.1" 200 None
2025-06-01 09:27:03,057 - urllib3.connectionpool - DEBUG - _make_request:544 - https://www.ndbc.noaa.gov:443 "GET /data/realtime2/46026.spec HTTP/1.1" 200 7163
2025-06-01 09:27:03,058 - urllib3.connectionpool - DEBUG - _make_request:544 - https://www.ndbc.noaa.gov:443 "GET /data/realtime2/46059.txt HTTP/1.1" 200 17980
2025-06-01 09:27:03,064 - __main__ - ERROR - collect_station_data:301 - Unexpected error collecting 46026 (wave): [Errno 2] No such file or directory: 'data/buoy_data/raw/46026_wave_20250601_0927.gz'
2025-06-01 09:27:03,065 - __main__ - ERROR - collect_station_data:301 - Unexpected error collecting 46026 (spectral): [Errno 2] No such file or directory: 'data/buoy_data/raw/46026_spectral_20250601_0927.gz'
2025-06-01 09:27:03,066 - urllib3.connectionpool - DEBUG - _make_request:544 - https://www.ndbc.noaa.gov:443 "GET /data/realtime2/46059.spec HTTP/1.1" 200 6066
2025-06-01 09:27:03,069 - urllib3.connectionpool - DEBUG - _make_request:544 - https://www.ndbc.noaa.gov:443 "GET /data/realtime2/46086.txt HTTP/1.1" 200 None
2025-06-01 09:27:03,071 - __main__ - ERROR - collect_station_data:301 - Unexpected error collecting 46059 (spectral): [Errno 2] No such file or directory: 'data/buoy_data/raw/46059_spectral_20250601_0927.gz'
2025-06-01 09:27:03,084 - __main__ - ERROR - collect_station_data:301 - Unexpected error collecting 46059 (wave): [Errno 2] No such file or directory: 'data/buoy_data/raw/46059_wave_20250601_0927.gz'
2025-06-01 09:27:03,084 - urllib3.connectionpool - DEBUG - _make_request:544 - https://www.ndbc.noaa.gov:443 "GET /data/realtime2/51001.txt HTTP/1.1" 200 None
2025-06-01 09:27:03,096 - urllib3.connectionpool - DEBUG - _make_request:544 - https://www.ndbc.noaa.gov:443 "GET /data/realtime2/51001.spec HTTP/1.1" 200 25135
2025-06-01 09:27:03,123 - __main__ - ERROR - collect_station_data:301 - Unexpected error collecting 51001 (spectral): [Errno 2] No such file or directory: 'data/buoy_data/raw/51001_spectral_20250601_0927.gz'
2025-06-01 09:27:03,209 - __main__ - ERROR - collect_station_data:301 - Unexpected error collecting 46022 (wave): [Errno 2] No such file or directory: 'data/buoy_data/raw/46022_wave_20250601_0927.gz'
2025-06-01 09:27:03,221 - __main__ - ERROR - collect_station_data:301 - Unexpected error collecting 46086 (wave): [Errno 2] No such file or directory: 'data/buoy_data/raw/46086_wave_20250601_0927.gz'
2025-06-01 09:27:03,231 - __main__ - ERROR - collect_station_data:301 - Unexpected error collecting 51001 (wave): [Errno 2] No such file or directory: 'data/buoy_data/raw/51001_wave_20250601_0927.gz'
2025-06-01 09:31:59,868 - root - INFO - main:483 - Using specified stations: ['46022', '46026', '46059', '46086', '51001']
2025-06-01 09:31:59,868 - __main__ - INFO - run_single_collection:419 - Running single collection for 5 stations
2025-06-01 09:31:59,934 - urllib3.connectionpool - DEBUG - _new_conn:1049 - Starting new HTTPS connection (1): www.ndbc.noaa.gov:443
2025-06-01 09:31:59,934 - urllib3.connectionpool - DEBUG - _new_conn:1049 - Starting new HTTPS connection (2): www.ndbc.noaa.gov:443
2025-06-01 09:31:59,934 - urllib3.connectionpool - DEBUG - _new_conn:1049 - Starting new HTTPS connection (3): www.ndbc.noaa.gov:443
2025-06-01 09:31:59,934 - urllib3.connectionpool - DEBUG - _new_conn:1049 - Starting new HTTPS connection (4): www.ndbc.noaa.gov:443
2025-06-01 09:31:59,934 - urllib3.connectionpool - DEBUG - _new_conn:1049 - Starting new HTTPS connection (5): www.ndbc.noaa.gov:443
2025-06-01 09:31:59,934 - urllib3.connectionpool - DEBUG - _new_conn:1049 - Starting new HTTPS connection (6): www.ndbc.noaa.gov:443
2025-06-01 09:31:59,934 - urllib3.connectionpool - DEBUG - _new_conn:1049 - Starting new HTTPS connection (7): www.ndbc.noaa.gov:443
2025-06-01 09:31:59,934 - urllib3.connectionpool - DEBUG - _new_conn:1049 - Starting new HTTPS connection (8): www.ndbc.noaa.gov:443
2025-06-01 09:32:00,108 - urllib3.connectionpool - DEBUG - _make_request:544 - https://www.ndbc.noaa.gov:443 "GET /data/realtime2/46026.spec HTTP/1.1" 200 7163
2025-06-01 09:32:00,113 - __main__ - DEBUG - collect_station_data:276 - Collected 593 records for 46026 (spectral)
2025-06-01 09:32:00,194 - urllib3.connectionpool - DEBUG - _make_request:544 - https://www.ndbc.noaa.gov:443 "GET /data/realtime2/46022.spec HTTP/1.1" 200 19889
2025-06-01 09:32:00,221 - __main__ - DEBUG - collect_station_data:276 - Collected 1638 records for 46022 (spectral)
2025-06-01 09:32:00,226 - urllib3.connectionpool - DEBUG - _make_request:544 - https://www.ndbc.noaa.gov:443 "GET /data/realtime2/46059.spec HTTP/1.1" 200 6066
2025-06-01 09:32:00,226 - urllib3.connectionpool - DEBUG - _make_request:544 - https://www.ndbc.noaa.gov:443 "GET /data/realtime2/46086.spec HTTP/1.1" 200 18064
2025-06-01 09:32:00,231 - __main__ - DEBUG - collect_station_data:276 - Collected 506 records for 46059 (spectral)
2025-06-01 09:32:00,240 - urllib3.connectionpool - DEBUG - _make_request:544 - https://www.ndbc.noaa.gov:443 "GET /data/realtime2/46086.txt HTTP/1.1" 200 None
2025-06-01 09:32:00,247 - urllib3.connectionpool - DEBUG - _make_request:544 - https://www.ndbc.noaa.gov:443 "GET /data/realtime2/51001.spec HTTP/1.1" 200 25135
2025-06-01 09:32:00,252 - __main__ - DEBUG - collect_station_data:276 - Collected 2166 records for 46086 (spectral)
2025-06-01 09:32:00,286 - __main__ - DEBUG - collect_station_data:276 - Collected 2155 records for 51001 (spectral)
2025-06-01 09:32:00,305 - urllib3.connectionpool - DEBUG - _make_request:544 - https://www.ndbc.noaa.gov:443 "GET /data/realtime2/46022.txt HTTP/1.1" 200 None
2025-06-01 09:32:00,484 - urllib3.connectionpool - DEBUG - _make_request:544 - https://www.ndbc.noaa.gov:443 "GET /data/realtime2/46059.txt HTTP/1.1" 200 17980
2025-06-01 09:32:00,510 - urllib3.connectionpool - DEBUG - _make_request:544 - https://www.ndbc.noaa.gov:443 "GET /data/realtime2/51001.txt HTTP/1.1" 200 None
2025-06-01 09:32:00,515 - __main__ - DEBUG - collect_station_data:276 - Collected 1508 records for 46059 (wave)
2025-06-01 09:32:00,522 - __main__ - DEBUG - collect_station_data:276 - Collected 6490 records for 46086 (wave)
2025-06-01 09:32:00,620 - urllib3.connectionpool - DEBUG - _make_request:544 - https://www.ndbc.noaa.gov:443 "GET /data/realtime2/46026.txt HTTP/1.1" 200 19839
2025-06-01 09:32:00,632 - __main__ - DEBUG - collect_station_data:276 - Collected 6551 records for 46022 (wave)
2025-06-01 09:32:00,711 - __main__ - DEBUG - collect_station_data:276 - Collected 1779 records for 46026 (wave)
2025-06-01 09:32:00,777 - __main__ - DEBUG - collect_station_data:276 - Collected 6511 records for 51001 (wave)
2025-06-01 09:35:24,631 - root - INFO - main:483 - Using specified stations: ['51001', '46221', '46224', '46225', '46232', '46235', '46236', '46237', '51201', '51202', '41001', '44013', '44014', '46012', '46013', '46014', '46022', '46026', '46027', '46042', '46054', '46086', '51003', '51101', '42019', '42020', '42036', '44017', '44025', '44027']
2025-06-01 09:35:24,631 - __main__ - INFO - run_continuous_collection:378 - Starting continuous collection for 30 stations
2025-06-01 09:35:24,631 - __main__ - INFO - run_continuous_collection:379 - Collection interval: 60 minutes
2025-06-01 09:35:24,631 - __main__ - INFO - run_continuous_collection:380 - Priority stations: 41001, 44013, 44014, 44017, 44025, 44027, 44065, 46012, 46013, 46014...
2025-06-01 09:35:24,631 - __main__ - INFO - run_continuous_collection:386 - Starting collection cycle...
2025-06-01 09:35:24,676 - urllib3.connectionpool - DEBUG - _new_conn:1049 - Starting new HTTPS connection (1): www.ndbc.noaa.gov:443
2025-06-01 09:35:24,676 - urllib3.connectionpool - DEBUG - _new_conn:1049 - Starting new HTTPS connection (2): www.ndbc.noaa.gov:443
2025-06-01 09:35:24,676 - urllib3.connectionpool - DEBUG - _new_conn:1049 - Starting new HTTPS connection (3): www.ndbc.noaa.gov:443
2025-06-01 09:35:24,677 - urllib3.connectionpool - DEBUG - _new_conn:1049 - Starting new HTTPS connection (4): www.ndbc.noaa.gov:443
2025-06-01 09:35:24,677 - urllib3.connectionpool - DEBUG - _new_conn:1049 - Starting new HTTPS connection (5): www.ndbc.noaa.gov:443
2025-06-01 09:35:24,677 - urllib3.connectionpool - DEBUG - _new_conn:1049 - Starting new HTTPS connection (6): www.ndbc.noaa.gov:443
2025-06-01 09:35:24,677 - urllib3.connectionpool - DEBUG - _new_conn:1049 - Starting new HTTPS connection (7): www.ndbc.noaa.gov:443
2025-06-01 09:35:24,677 - urllib3.connectionpool - DEBUG - _new_conn:1049 - Starting new HTTPS connection (8): www.ndbc.noaa.gov:443
2025-06-01 09:35:24,881 - urllib3.connectionpool - DEBUG - _make_request:544 - https://www.ndbc.noaa.gov:443 "GET /data/realtime2/41001.txt HTTP/1.1" 200 29606
2025-06-01 09:35:24,891 - urllib3.connectionpool - DEBUG - _make_request:544 - https://www.ndbc.noaa.gov:443 "GET /data/realtime2/44013.spec HTTP/1.1" 200 24012
2025-06-01 09:35:24,911 - __main__ - DEBUG - collect_station_data:276 - Collected 2174 records for 44013 (spectral)
2025-06-01 09:35:24,924 - __main__ - DEBUG - collect_station_data:276 - Collected 2369 records for 41001 (wave)
2025-06-01 09:35:25,041 - urllib3.connectionpool - DEBUG - _make_request:544 - https://www.ndbc.noaa.gov:443 "GET /data/realtime2/44025.spec HTTP/1.1" 200 19330
2025-06-01 09:35:25,047 - urllib3.connectionpool - DEBUG - _make_request:544 - https://www.ndbc.noaa.gov:443 "GET /data/realtime2/44017.txt HTTP/1.1" 404 196
2025-06-01 09:35:25,053 - urllib3.connectionpool - DEBUG - _make_request:544 - https://www.ndbc.noaa.gov:443 "GET /data/realtime2/41001.spec HTTP/1.1" 200 10031
2025-06-01 09:35:25,059 - __main__ - DEBUG - collect_station_data:276 - Collected 790 records for 41001 (spectral)
2025-06-01 09:35:25,063 - __main__ - DEBUG - collect_station_data:276 - Collected 1708 records for 44025 (spectral)
2025-06-01 09:35:25,067 - urllib3.connectionpool - DEBUG - _make_request:544 - https://www.ndbc.noaa.gov:443 "GET /data/realtime2/44014.txt HTTP/1.1" 200 None
2025-06-01 09:35:25,067 - urllib3.connectionpool - DEBUG - _make_request:544 - https://www.ndbc.noaa.gov:443 "GET /data/realtime2/44017.spec HTTP/1.1" 404 196
2025-06-01 09:35:25,077 - urllib3.connectionpool - DEBUG - _make_request:544 - https://www.ndbc.noaa.gov:443 "GET /data/realtime2/44027.spec HTTP/1.1" 200 25903
2025-06-01 09:35:25,087 - urllib3.connectionpool - DEBUG - _make_request:544 - https://www.ndbc.noaa.gov:443 "GET /data/realtime2/44013.txt HTTP/1.1" 200 None
2025-06-01 09:35:25,088 - urllib3.connectionpool - DEBUG - _make_request:544 - https://www.ndbc.noaa.gov:443 "GET /data/realtime2/44025.txt HTTP/1.1" 200 None
2025-06-01 09:35:25,098 - __main__ - DEBUG - collect_station_data:276 - Collected 2182 records for 44027 (spectral)
2025-06-01 09:35:25,103 - urllib3.connectionpool - DEBUG - _make_request:544 - https://www.ndbc.noaa.gov:443 "GET /data/realtime2/44065.txt HTTP/1.1" 200 None
2025-06-01 09:35:25,112 - urllib3.connectionpool - DEBUG - _make_request:544 - https://www.ndbc.noaa.gov:443 "GET /data/realtime2/44014.spec HTTP/1.1" 200 15587
2025-06-01 09:35:25,121 - __main__ - DEBUG - collect_station_data:276 - Collected 2151 records for 44014 (spectral)
2025-06-01 09:35:25,203 - urllib3.connectionpool - DEBUG - _make_request:544 - https://www.ndbc.noaa.gov:443 "GET /data/realtime2/44027.txt HTTP/1.1" 200 None
2025-06-01 09:35:25,248 - urllib3.connectionpool - DEBUG - _make_request:544 - https://www.ndbc.noaa.gov:443 "GET /data/realtime2/46012.txt HTTP/1.1" 404 196
2025-06-01 09:35:25,259 - __main__ - DEBUG - collect_station_data:276 - Collected 6513 records for 44065 (wave)
2025-06-01 09:35:25,259 - __main__ - DEBUG - collect_station_data:276 - Collected 6533 records for 44025 (wave)
2025-06-01 09:35:25,270 - urllib3.connectionpool - DEBUG - _make_request:544 - https://www.ndbc.noaa.gov:443 "GET /data/realtime2/44065.spec HTTP/1.1" 200 24577
2025-06-01 09:35:25,300 - __main__ - DEBUG - collect_station_data:276 - Collected 2188 records for 44065 (spectral)
2025-06-01 09:35:25,328 - __main__ - DEBUG - collect_station_data:276 - Collected 6528 records for 44027 (wave)
2025-06-01 09:35:25,328 - urllib3.connectionpool - DEBUG - _make_request:544 - https://www.ndbc.noaa.gov:443 "GET /data/realtime2/46014.txt HTTP/1.1" 200 None
2025-06-01 09:35:25,337 - __main__ - DEBUG - collect_station_data:276 - Collected 6529 records for 44014 (wave)
2025-06-01 09:35:25,381 - __main__ - DEBUG - collect_station_data:276 - Collected 6519 records for 44013 (wave)
2025-06-01 09:35:25,387 - urllib3.connectionpool - DEBUG - _make_request:544 - https://www.ndbc.noaa.gov:443 "GET /data/realtime2/46014.spec HTTP/1.1" 200 26022
2025-06-01 09:35:25,391 - urllib3.connectionpool - DEBUG - _make_request:544 - https://www.ndbc.noaa.gov:443 "GET /data/realtime2/46012.spec HTTP/1.1" 404 196
2025-06-01 09:35:25,409 - urllib3.connectionpool - DEBUG - _make_request:544 - https://www.ndbc.noaa.gov:443 "GET /data/realtime2/46013.txt HTTP/1.1" 200 None
2025-06-01 09:35:25,412 - urllib3.connectionpool - DEBUG - _make_request:544 - https://www.ndbc.noaa.gov:443 "GET /data/realtime2/46026.txt HTTP/1.1" 200 19839
2025-06-01 09:35:25,412 - __main__ - DEBUG - collect_station_data:276 - Collected 2182 records for 46014 (spectral)
2025-06-01 09:35:25,431 - urllib3.connectionpool - DEBUG - _make_request:544 - https://www.ndbc.noaa.gov:443 "GET /data/realtime2/46013.spec HTTP/1.1" 200 25552
2025-06-01 09:35:25,461 - __main__ - DEBUG - collect_station_data:276 - Collected 2186 records for 46013 (spectral)
2025-06-01 09:35:25,464 - __main__ - DEBUG - collect_station_data:276 - Collected 6539 records for 46014 (wave)
2025-06-01 09:35:25,468 - __main__ - DEBUG - collect_station_data:276 - Collected 1779 records for 46026 (wave)
2025-06-01 09:35:25,557 - __main__ - DEBUG - collect_station_data:276 - Collected 6548 records for 46013 (wave)
2025-06-01 09:35:25,558 - urllib3.connectionpool - DEBUG - _make_request:544 - https://www.ndbc.noaa.gov:443 "GET /data/realtime2/46027.spec HTTP/1.1" 200 25431
2025-06-01 09:35:25,576 - __main__ - DEBUG - collect_station_data:276 - Collected 2186 records for 46027 (spectral)
2025-06-01 09:35:25,583 - urllib3.connectionpool - DEBUG - _make_request:544 - https://www.ndbc.noaa.gov:443 "GET /data/realtime2/46042.spec HTTP/1.1" 404 196
2025-06-01 09:35:25,591 - urllib3.connectionpool - DEBUG - _make_request:544 - https://www.ndbc.noaa.gov:443 "GET /data/realtime2/46042.txt HTTP/1.1" 404 196
2025-06-01 09:35:25,653 - urllib3.connectionpool - DEBUG - _make_request:544 - https://www.ndbc.noaa.gov:443 "GET /data/realtime2/46022.txt HTTP/1.1" 200 None
2025-06-01 09:35:25,685 - urllib3.connectionpool - DEBUG - _make_request:544 - https://www.ndbc.noaa.gov:443 "GET /data/realtime2/46026.spec HTTP/1.1" 200 7163
2025-06-01 09:35:25,689 - __main__ - DEBUG - collect_station_data:276 - Collected 593 records for 46026 (spectral)
2025-06-01 09:35:25,699 - urllib3.connectionpool - DEBUG - _make_request:544 - https://www.ndbc.noaa.gov:443 "GET /data/realtime2/46054.spec HTTP/1.1" 200 24948
2025-06-01 09:35:25,710 - urllib3.connectionpool - DEBUG - _make_request:544 - https://www.ndbc.noaa.gov:443 "GET /data/realtime2/46022.spec HTTP/1.1" 200 19889
2025-06-01 09:35:25,721 - __main__ - DEBUG - collect_station_data:276 - Collected 2179 records for 46054 (spectral)
2025-06-01 09:35:25,723 - __main__ - DEBUG - collect_station_data:276 - Collected 1638 records for 46022 (spectral)
2025-06-01 09:35:25,724 - urllib3.connectionpool - DEBUG - _make_request:544 - https://www.ndbc.noaa.gov:443 "GET /data/realtime2/46221.spec HTTP/1.1" 200 21698
2025-06-01 09:35:25,735 - urllib3.connectionpool - DEBUG - _make_request:544 - https://www.ndbc.noaa.gov:443 "GET /data/realtime2/46054.txt HTTP/1.1" 200 66768
2025-06-01 09:35:25,744 - __main__ - DEBUG - collect_station_data:276 - Collected 2189 records for 46221 (spectral)
2025-06-01 09:35:25,748 - urllib3.connectionpool - DEBUG - _make_request:544 - https://www.ndbc.noaa.gov:443 "GET /data/realtime2/46086.txt HTTP/1.1" 200 None
2025-06-01 09:35:25,767 - urllib3.connectionpool - DEBUG - _make_request:544 - https://www.ndbc.noaa.gov:443 "GET /data/realtime2/46027.txt HTTP/1.1" 200 None
2025-06-01 09:35:25,865 - urllib3.connectionpool - DEBUG - _make_request:544 - https://www.ndbc.noaa.gov:443 "GET /data/realtime2/46221.txt HTTP/1.1" 200 19448
2025-06-01 09:35:25,881 - urllib3.connectionpool - DEBUG - _make_request:544 - https://www.ndbc.noaa.gov:443 "GET /data/realtime2/46224.txt HTTP/1.1" 200 19069
2025-06-01 09:35:25,895 - __main__ - DEBUG - collect_station_data:276 - Collected 2187 records for 46221 (wave)
2025-06-01 09:35:25,902 - __main__ - DEBUG - collect_station_data:276 - Collected 2184 records for 46224 (wave)
2025-06-01 09:35:25,919 - __main__ - DEBUG - collect_station_data:276 - Collected 6551 records for 46022 (wave)
2025-06-01 09:35:25,930 - urllib3.connectionpool - DEBUG - _make_request:544 - https://www.ndbc.noaa.gov:443 "GET /data/realtime2/46225.spec HTTP/1.1" 200 21539
2025-06-01 09:35:25,937 - urllib3.connectionpool - DEBUG - _make_request:544 - https://www.ndbc.noaa.gov:443 "GET /data/realtime2/46224.spec HTTP/1.1" 200 21238
2025-06-01 09:35:25,946 - __main__ - DEBUG - collect_station_data:276 - Collected 2189 records for 46225 (spectral)
2025-06-01 09:35:25,948 - urllib3.connectionpool - DEBUG - _make_request:544 - https://www.ndbc.noaa.gov:443 "GET /data/realtime2/46086.spec HTTP/1.1" 200 18064
2025-06-01 09:35:25,957 - __main__ - DEBUG - collect_station_data:276 - Collected 2185 records for 46224 (spectral)
2025-06-01 09:35:25,958 - __main__ - DEBUG - collect_station_data:276 - Collected 2166 records for 46086 (spectral)
2025-06-01 09:35:25,960 - __main__ - DEBUG - collect_station_data:276 - Collected 6490 records for 46086 (wave)
2025-06-01 09:35:25,965 - __main__ - DEBUG - collect_station_data:276 - Collected 6539 records for 46054 (wave)
2025-06-01 09:35:25,987 - urllib3.connectionpool - DEBUG - _make_request:544 - https://www.ndbc.noaa.gov:443 "GET /data/realtime2/46235.spec HTTP/1.1" 200 21376
2025-06-01 09:35:26,005 - __main__ - DEBUG - collect_station_data:276 - Collected 2183 records for 46235 (spectral)
2025-06-01 09:35:26,031 - urllib3.connectionpool - DEBUG - _make_request:544 - https://www.ndbc.noaa.gov:443 "GET /data/realtime2/46225.txt HTTP/1.1" 200 19297
2025-06-01 09:35:26,035 - __main__ - DEBUG - collect_station_data:276 - Collected 6551 records for 46027 (wave)
2025-06-01 09:35:26,050 - __main__ - DEBUG - collect_station_data:276 - Collected 2187 records for 46225 (wave)
2025-06-01 09:35:26,068 - urllib3.connectionpool - DEBUG - _make_request:544 - https://www.ndbc.noaa.gov:443 "GET /data/realtime2/51001.spec HTTP/1.1" 200 25135
2025-06-01 09:35:26,089 - urllib3.connectionpool - DEBUG - _make_request:544 - https://www.ndbc.noaa.gov:443 "GET /data/realtime2/46237.txt HTTP/1.1" 200 23454
2025-06-01 09:35:26,089 - __main__ - DEBUG - collect_station_data:276 - Collected 2155 records for 51001 (spectral)
2025-06-01 09:35:26,095 - urllib3.connectionpool - DEBUG - _make_request:544 - https://www.ndbc.noaa.gov:443 "GET /data/realtime2/46235.txt HTTP/1.1" 200 21851
2025-06-01 09:35:26,099 - urllib3.connectionpool - DEBUG - _make_request:544 - https://www.ndbc.noaa.gov:443 "GET /data/realtime2/46232.txt HTTP/1.1" 200 19011
2025-06-01 09:35:26,110 - urllib3.connectionpool - DEBUG - _make_request:544 - https://www.ndbc.noaa.gov:443 "GET /data/realtime2/46236.txt HTTP/1.1" 200 19403
2025-06-01 09:35:26,110 - urllib3.connectionpool - DEBUG - _make_request:544 - https://www.ndbc.noaa.gov:443 "GET /data/realtime2/46236.spec HTTP/1.1" 200 21306
2025-06-01 09:35:26,113 - urllib3.connectionpool - DEBUG - _make_request:544 - https://www.ndbc.noaa.gov:443 "GET /data/realtime2/51001.txt HTTP/1.1" 200 None
2025-06-01 09:35:26,123 - __main__ - DEBUG - collect_station_data:276 - Collected 2182 records for 46237 (wave)
2025-06-01 09:35:26,124 - __main__ - DEBUG - collect_station_data:276 - Collected 2181 records for 46235 (wave)
2025-06-01 09:35:26,125 - __main__ - DEBUG - collect_station_data:276 - Collected 2183 records for 46232 (wave)
2025-06-01 09:35:26,126 - __main__ - DEBUG - collect_station_data:276 - Collected 2188 records for 46236 (spectral)
2025-06-01 09:35:26,134 - __main__ - DEBUG - collect_station_data:276 - Collected 2186 records for 46236 (wave)
2025-06-01 09:35:26,141 - urllib3.connectionpool - DEBUG - _make_request:544 - https://www.ndbc.noaa.gov:443 "GET /data/realtime2/46237.spec HTTP/1.1" 200 22431
2025-06-01 09:35:26,153 - urllib3.connectionpool - DEBUG - _make_request:544 - https://www.ndbc.noaa.gov:443 "GET /data/realtime2/51101.spec HTTP/1.1" 200 25053
2025-06-01 09:35:26,156 - __main__ - DEBUG - collect_station_data:276 - Collected 2181 records for 46237 (spectral)
2025-06-01 09:35:26,160 - urllib3.connectionpool - DEBUG - _make_request:544 - https://www.ndbc.noaa.gov:443 "GET /data/realtime2/51201.spec HTTP/1.1" 200 21031
2025-06-01 09:35:26,178 - __main__ - DEBUG - collect_station_data:276 - Collected 2187 records for 51101 (spectral)
2025-06-01 09:35:26,179 - __main__ - DEBUG - collect_station_data:276 - Collected 2186 records for 51201 (spectral)
2025-06-01 09:35:26,204 - urllib3.connectionpool - DEBUG - _make_request:544 - https://www.ndbc.noaa.gov:443 "GET /data/realtime2/51202.spec HTTP/1.1" 200 20393
2025-06-01 09:35:26,210 - urllib3.connectionpool - DEBUG - _make_request:544 - https://www.ndbc.noaa.gov:443 "GET /data/realtime2/51202.txt HTTP/1.1" 200 18987
2025-06-01 09:35:26,223 - __main__ - DEBUG - collect_station_data:276 - Collected 2133 records for 51202 (spectral)
2025-06-01 09:35:26,236 - __main__ - DEBUG - collect_station_data:276 - Collected 2103 records for 51202 (wave)
2025-06-01 09:35:26,242 - __main__ - DEBUG - collect_station_data:276 - Collected 6511 records for 51001 (wave)
2025-06-01 09:35:26,245 - urllib3.connectionpool - DEBUG - _make_request:544 - https://www.ndbc.noaa.gov:443 "GET /data/realtime2/51003.txt HTTP/1.1" 404 196
2025-06-01 09:35:26,264 - urllib3.connectionpool - DEBUG - _make_request:544 - https://www.ndbc.noaa.gov:443 "GET /data/realtime2/51003.spec HTTP/1.1" 404 196
2025-06-01 09:35:26,284 - urllib3.connectionpool - DEBUG - _make_request:544 - https://www.ndbc.noaa.gov:443 "GET /data/realtime2/51101.txt HTTP/1.1" 200 None
2025-06-01 09:35:26,304 - urllib3.connectionpool - DEBUG - _make_request:544 - https://www.ndbc.noaa.gov:443 "GET /data/realtime2/46232.spec HTTP/1.1" 200 21879
2025-06-01 09:35:26,312 - urllib3.connectionpool - DEBUG - _make_request:544 - https://www.ndbc.noaa.gov:443 "GET /data/realtime2/51201.txt HTTP/1.1" 200 17805
2025-06-01 09:35:26,323 - __main__ - DEBUG - collect_station_data:276 - Collected 2186 records for 46232 (spectral)
2025-06-01 09:35:26,333 - __main__ - DEBUG - collect_station_data:276 - Collected 2181 records for 51201 (wave)
2025-06-01 09:35:26,356 - urllib3.connectionpool - DEBUG - _make_request:544 - https://www.ndbc.noaa.gov:443 "GET /data/realtime2/42001.spec HTTP/1.1" 200 24082
2025-06-01 09:35:26,377 - __main__ - DEBUG - collect_station_data:276 - Collected 2177 records for 42001 (spectral)
2025-06-01 09:35:26,379 - urllib3.connectionpool - DEBUG - _make_request:544 - https://www.ndbc.noaa.gov:443 "GET /data/realtime2/42002.spec HTTP/1.1" 200 23973
2025-06-01 09:35:26,384 - urllib3.connectionpool - DEBUG - _make_request:544 - https://www.ndbc.noaa.gov:443 "GET /data/realtime2/42001.txt HTTP/1.1" 200 None
2025-06-01 09:35:26,399 - __main__ - DEBUG - collect_station_data:276 - Collected 2179 records for 42002 (spectral)
2025-06-01 09:35:26,409 - urllib3.connectionpool - DEBUG - _make_request:544 - https://www.ndbc.noaa.gov:443 "GET /data/realtime2/42002.txt HTTP/1.1" 200 None
2025-06-01 09:35:26,431 - __main__ - DEBUG - collect_station_data:276 - Collected 6510 records for 51101 (wave)
2025-06-01 09:35:26,500 - __main__ - DEBUG - collect_station_data:276 - Collected 6521 records for 42001 (wave)
2025-06-01 09:35:26,562 - __main__ - DEBUG - collect_station_data:276 - Collected 6520 records for 42002 (wave)
2025-06-01 09:35:26,564 - __main__ - INFO - run_continuous_collection:395 - Cycle complete: 52/60 successful in 1.9s
2025-06-01 09:35:26,564 - __main__ - INFO - run_continuous_collection:405 - Sleeping for 3598.1 seconds until next cycle...
2025-06-01 09:35:42,132 - root - INFO - main:483 - Using specified stations: ['51001', '46221', '46224', '46225', '46232', '46235', '46236', '46237', '51201', '51202', '41001', '44013', '44014', '46012', '46013', '46014', '46022', '46026', '46027', '46042', '46054', '46086', '51003', '51101', '42019', '42020', '42036', '44017', '44025', '44027']
2025-06-01 09:35:42,133 - __main__ - INFO - run_continuous_collection:378 - Starting continuous collection for 30 stations
2025-06-01 09:35:42,133 - __main__ - INFO - run_continuous_collection:379 - Collection interval: 60 minutes
2025-06-01 09:35:42,133 - __main__ - INFO - run_continuous_collection:380 - Priority stations: 41001, 44013, 44014, 44017, 44025, 44027, 44065, 46012, 46013, 46014...
2025-06-01 09:35:42,133 - __main__ - INFO - run_continuous_collection:386 - Starting collection cycle...
2025-06-01 09:35:42,144 - urllib3.connectionpool - DEBUG - _new_conn:1049 - Starting new HTTPS connection (1): www.ndbc.noaa.gov:443
2025-06-01 09:35:42,145 - urllib3.connectionpool - DEBUG - _new_conn:1049 - Starting new HTTPS connection (2): www.ndbc.noaa.gov:443
2025-06-01 09:35:42,145 - urllib3.connectionpool - DEBUG - _new_conn:1049 - Starting new HTTPS connection (3): www.ndbc.noaa.gov:443
2025-06-01 09:35:42,146 - urllib3.connectionpool - DEBUG - _new_conn:1049 - Starting new HTTPS connection (4): www.ndbc.noaa.gov:443
2025-06-01 09:35:42,146 - urllib3.connectionpool - DEBUG - _new_conn:1049 - Starting new HTTPS connection (5): www.ndbc.noaa.gov:443
2025-06-01 09:35:42,146 - urllib3.connectionpool - DEBUG - _new_conn:1049 - Starting new HTTPS connection (6): www.ndbc.noaa.gov:443
2025-06-01 09:35:42,147 - urllib3.connectionpool - DEBUG - _new_conn:1049 - Starting new HTTPS connection (7): www.ndbc.noaa.gov:443
2025-06-01 09:35:42,147 - urllib3.connectionpool - DEBUG - _new_conn:1049 - Starting new HTTPS connection (8): www.ndbc.noaa.gov:443
2025-06-01 09:35:42,318 - urllib3.connectionpool - DEBUG - _make_request:544 - https://www.ndbc.noaa.gov:443 "GET /data/realtime2/41001.spec HTTP/1.1" 200 10031
2025-06-01 09:35:42,356 - __main__ - DEBUG - collect_station_data:276 - Collected 790 records for 41001 (spectral)
2025-06-01 09:35:42,388 - urllib3.connectionpool - DEBUG - _make_request:544 - https://www.ndbc.noaa.gov:443 "GET /data/realtime2/41001.txt HTTP/1.1" 200 29606
2025-06-01 09:35:42,422 - urllib3.connectionpool - DEBUG - _make_request:544 - https://www.ndbc.noaa.gov:443 "GET /data/realtime2/44014.txt HTTP/1.1" 200 None
2025-06-01 09:35:42,442 - __main__ - DEBUG - collect_station_data:276 - Collected 2369 records for 41001 (wave)
2025-06-01 09:35:42,450 - urllib3.connectionpool - DEBUG - _make_request:544 - https://www.ndbc.noaa.gov:443 "GET /data/realtime2/44013.spec HTTP/1.1" 200 24012
2025-06-01 09:35:42,486 - urllib3.connectionpool - DEBUG - _make_request:544 - https://www.ndbc.noaa.gov:443 "GET /data/realtime2/44025.spec HTTP/1.1" 200 19330
2025-06-01 09:35:42,488 - __main__ - DEBUG - collect_station_data:276 - Collected 2174 records for 44013 (spectral)
2025-06-01 09:35:42,489 - urllib3.connectionpool - DEBUG - _make_request:544 - https://www.ndbc.noaa.gov:443 "GET /data/realtime2/44013.txt HTTP/1.1" 200 None
2025-06-01 09:35:42,503 - __main__ - DEBUG - collect_station_data:276 - Collected 1708 records for 44025 (spectral)
2025-06-01 09:35:42,538 - urllib3.connectionpool - DEBUG - _make_request:544 - https://www.ndbc.noaa.gov:443 "GET /data/realtime2/44014.spec HTTP/1.1" 200 15587
2025-06-01 09:35:42,550 - __main__ - DEBUG - collect_station_data:276 - Collected 2151 records for 44014 (spectral)
2025-06-01 09:35:42,554 - urllib3.connectionpool - DEBUG - _make_request:544 - https://www.ndbc.noaa.gov:443 "GET /data/realtime2/44025.txt HTTP/1.1" 200 None
2025-06-01 09:35:42,577 - urllib3.connectionpool - DEBUG - _make_request:544 - https://www.ndbc.noaa.gov:443 "GET /data/realtime2/44017.spec HTTP/1.1" 404 196
2025-06-01 09:35:42,596 - urllib3.connectionpool - DEBUG - _make_request:544 - https://www.ndbc.noaa.gov:443 "GET /data/realtime2/44027.spec HTTP/1.1" 200 25903
2025-06-01 09:35:42,635 - urllib3.connectionpool - DEBUG - _make_request:544 - https://www.ndbc.noaa.gov:443 "GET /data/realtime2/44027.txt HTTP/1.1" 200 None
2025-06-01 09:35:42,638 - __main__ - DEBUG - collect_station_data:276 - Collected 2182 records for 44027 (spectral)
2025-06-01 09:35:42,683 - urllib3.connectionpool - DEBUG - _make_request:544 - https://www.ndbc.noaa.gov:443 "GET /data/realtime2/44065.spec HTTP/1.1" 200 24577
2025-06-01 09:35:42,708 - __main__ - DEBUG - collect_station_data:276 - Collected 2188 records for 44065 (spectral)
2025-06-01 09:35:42,712 - urllib3.connectionpool - DEBUG - _make_request:544 - https://www.ndbc.noaa.gov:443 "GET /data/realtime2/44065.txt HTTP/1.1" 200 None
2025-06-01 09:35:42,780 - __main__ - DEBUG - collect_station_data:276 - Collected 6529 records for 44014 (wave)
2025-06-01 09:35:42,781 - urllib3.connectionpool - DEBUG - _make_request:544 - https://www.ndbc.noaa.gov:443 "GET /data/realtime2/44017.txt HTTP/1.1" 404 196
2025-06-01 09:35:42,818 - __main__ - DEBUG - collect_station_data:276 - Collected 6533 records for 44025 (wave)
2025-06-01 09:35:42,899 - urllib3.connectionpool - DEBUG - _make_request:544 - https://www.ndbc.noaa.gov:443 "GET /data/realtime2/46013.txt HTTP/1.1" 200 None
2025-06-01 09:35:42,900 - urllib3.connectionpool - DEBUG - _make_request:544 - https://www.ndbc.noaa.gov:443 "GET /data/realtime2/46013.spec HTTP/1.1" 200 25552
2025-06-01 09:35:42,904 - __main__ - DEBUG - collect_station_data:276 - Collected 6528 records for 44027 (wave)
2025-06-01 09:35:42,910 - __main__ - DEBUG - collect_station_data:276 - Collected 6519 records for 44013 (wave)
2025-06-01 09:35:42,945 - urllib3.connectionpool - DEBUG - _make_request:544 - https://www.ndbc.noaa.gov:443 "GET /data/realtime2/46014.spec HTTP/1.1" 200 26022
2025-06-01 09:35:42,946 - __main__ - DEBUG - collect_station_data:276 - Collected 2186 records for 46013 (spectral)
2025-06-01 09:35:42,982 - __main__ - DEBUG - collect_station_data:276 - Collected 2182 records for 46014 (spectral)
2025-06-01 09:35:43,001 - urllib3.connectionpool - DEBUG - _make_request:544 - https://www.ndbc.noaa.gov:443 "GET /data/realtime2/46022.spec HTTP/1.1" 200 19889
2025-06-01 09:35:43,002 - urllib3.connectionpool - DEBUG - _make_request:544 - https://www.ndbc.noaa.gov:443 "GET /data/realtime2/46014.txt HTTP/1.1" 200 None
2025-06-01 09:35:43,032 - __main__ - DEBUG - collect_station_data:276 - Collected 1638 records for 46022 (spectral)
2025-06-01 09:35:43,034 - urllib3.connectionpool - DEBUG - _make_request:544 - https://www.ndbc.noaa.gov:443 "GET /data/realtime2/46012.spec HTTP/1.1" 404 196
2025-06-01 09:35:43,058 - __main__ - DEBUG - collect_station_data:276 - Collected 6513 records for 44065 (wave)
2025-06-01 09:35:43,069 - urllib3.connectionpool - DEBUG - _make_request:544 - https://www.ndbc.noaa.gov:443 "GET /data/realtime2/46022.txt HTTP/1.1" 200 None
2025-06-01 09:35:43,093 - urllib3.connectionpool - DEBUG - _make_request:544 - https://www.ndbc.noaa.gov:443 "GET /data/realtime2/46012.txt HTTP/1.1" 404 196
2025-06-01 09:35:43,104 - urllib3.connectionpool - DEBUG - _make_request:544 - https://www.ndbc.noaa.gov:443 "GET /data/realtime2/46026.spec HTTP/1.1" 200 7163
2025-06-01 09:35:43,108 - __main__ - DEBUG - collect_station_data:276 - Collected 6548 records for 46013 (wave)
2025-06-01 09:35:43,108 - __main__ - DEBUG - collect_station_data:276 - Collected 593 records for 46026 (spectral)
2025-06-01 09:35:43,130 - urllib3.connectionpool - DEBUG - _make_request:544 - https://www.ndbc.noaa.gov:443 "GET /data/realtime2/46026.txt HTTP/1.1" 200 19839
2025-06-01 09:35:43,147 - urllib3.connectionpool - DEBUG - _make_request:544 - https://www.ndbc.noaa.gov:443 "GET /data/realtime2/46027.spec HTTP/1.1" 200 25431
2025-06-01 09:35:43,155 - __main__ - DEBUG - collect_station_data:276 - Collected 1779 records for 46026 (wave)
2025-06-01 09:35:43,174 - __main__ - DEBUG - collect_station_data:276 - Collected 2186 records for 46027 (spectral)
2025-06-01 09:35:43,174 - urllib3.connectionpool - DEBUG - _make_request:544 - https://www.ndbc.noaa.gov:443 "GET /data/realtime2/46027.txt HTTP/1.1" 200 None
2025-06-01 09:35:43,215 - urllib3.connectionpool - DEBUG - _make_request:544 - https://www.ndbc.noaa.gov:443 "GET /data/realtime2/46054.spec HTTP/1.1" 200 24948
2025-06-01 09:35:43,228 - __main__ - DEBUG - collect_station_data:276 - Collected 6539 records for 46014 (wave)
2025-06-01 09:35:43,256 - urllib3.connectionpool - DEBUG - _make_request:544 - https://www.ndbc.noaa.gov:443 "GET /data/realtime2/46054.txt HTTP/1.1" 200 66768
2025-06-01 09:35:43,264 - __main__ - DEBUG - collect_station_data:276 - Collected 2179 records for 46054 (spectral)
2025-06-01 09:35:43,298 - __main__ - DEBUG - collect_station_data:276 - Collected 6551 records for 46022 (wave)
2025-06-01 09:35:43,322 - urllib3.connectionpool - DEBUG - _make_request:544 - https://www.ndbc.noaa.gov:443 "GET /data/realtime2/46086.spec HTTP/1.1" 200 18064
2025-06-01 09:35:43,322 - urllib3.connectionpool - DEBUG - _make_request:544 - https://www.ndbc.noaa.gov:443 "GET /data/realtime2/46086.txt HTTP/1.1" 200 None
2025-06-01 09:35:43,332 - __main__ - DEBUG - collect_station_data:276 - Collected 2166 records for 46086 (spectral)
2025-06-01 09:35:43,341 - urllib3.connectionpool - DEBUG - _make_request:544 - https://www.ndbc.noaa.gov:443 "GET /data/realtime2/46042.txt HTTP/1.1" 404 196
2025-06-01 09:35:43,419 - __main__ - DEBUG - collect_station_data:276 - Collected 6551 records for 46027 (wave)
2025-06-01 09:35:43,426 - urllib3.connectionpool - DEBUG - _make_request:544 - https://www.ndbc.noaa.gov:443 "GET /data/realtime2/46221.spec HTTP/1.1" 200 21698
2025-06-01 09:35:43,447 - __main__ - DEBUG - collect_station_data:276 - Collected 2189 records for 46221 (spectral)
2025-06-01 09:35:43,454 - urllib3.connectionpool - DEBUG - _make_request:544 - https://www.ndbc.noaa.gov:443 "GET /data/realtime2/46221.txt HTTP/1.1" 200 19448
2025-06-01 09:35:43,467 - urllib3.connectionpool - DEBUG - _make_request:544 - https://www.ndbc.noaa.gov:443 "GET /data/realtime2/46224.txt HTTP/1.1" 200 19069
2025-06-01 09:35:43,474 - __main__ - DEBUG - collect_station_data:276 - Collected 2187 records for 46221 (wave)
2025-06-01 09:35:43,484 - urllib3.connectionpool - DEBUG - _make_request:544 - https://www.ndbc.noaa.gov:443 "GET /data/realtime2/46224.spec HTTP/1.1" 200 21238
2025-06-01 09:35:43,508 - urllib3.connectionpool - DEBUG - _make_request:544 - https://www.ndbc.noaa.gov:443 "GET /data/realtime2/46042.spec HTTP/1.1" 404 196
2025-06-01 09:35:43,521 - urllib3.connectionpool - DEBUG - _make_request:544 - https://www.ndbc.noaa.gov:443 "GET /data/realtime2/46225.spec HTTP/1.1" 200 21539
2025-06-01 09:35:43,522 - __main__ - DEBUG - collect_station_data:276 - Collected 2185 records for 46224 (spectral)
2025-06-01 09:35:43,522 - __main__ - DEBUG - collect_station_data:276 - Collected 6539 records for 46054 (wave)
2025-06-01 09:35:43,526 - __main__ - DEBUG - collect_station_data:276 - Collected 2184 records for 46224 (wave)
2025-06-01 09:35:43,550 - __main__ - DEBUG - collect_station_data:276 - Collected 2189 records for 46225 (spectral)
2025-06-01 09:35:43,555 - urllib3.connectionpool - DEBUG - _make_request:544 - https://www.ndbc.noaa.gov:443 "GET /data/realtime2/46225.txt HTTP/1.1" 200 19297
2025-06-01 09:35:43,556 - urllib3.connectionpool - DEBUG - _make_request:544 - https://www.ndbc.noaa.gov:443 "GET /data/realtime2/46232.spec HTTP/1.1" 200 21879
2025-06-01 09:35:43,561 - __main__ - DEBUG - collect_station_data:276 - Collected 6490 records for 46086 (wave)
2025-06-01 09:35:43,574 - __main__ - DEBUG - collect_station_data:276 - Collected 2187 records for 46225 (wave)
2025-06-01 09:35:43,589 - urllib3.connectionpool - DEBUG - _make_request:544 - https://www.ndbc.noaa.gov:443 "GET /data/realtime2/46232.txt HTTP/1.1" 200 19011
2025-06-01 09:35:43,591 - __main__ - DEBUG - collect_station_data:276 - Collected 2186 records for 46232 (spectral)
2025-06-01 09:35:43,622 - __main__ - DEBUG - collect_station_data:276 - Collected 2183 records for 46232 (wave)
2025-06-01 09:35:43,629 - urllib3.connectionpool - DEBUG - _make_request:544 - https://www.ndbc.noaa.gov:443 "GET /data/realtime2/46235.txt HTTP/1.1" 200 21851
2025-06-01 09:35:43,629 - urllib3.connectionpool - DEBUG - _make_request:544 - https://www.ndbc.noaa.gov:443 "GET /data/realtime2/46235.spec HTTP/1.1" 200 21376
2025-06-01 09:35:43,632 - urllib3.connectionpool - DEBUG - _make_request:544 - https://www.ndbc.noaa.gov:443 "GET /data/realtime2/46236.spec HTTP/1.1" 200 21306
2025-06-01 09:35:43,646 - __main__ - DEBUG - collect_station_data:276 - Collected 2183 records for 46235 (spectral)
2025-06-01 09:35:43,657 - __main__ - DEBUG - collect_station_data:276 - Collected 2181 records for 46235 (wave)
2025-06-01 09:35:43,672 - urllib3.connectionpool - DEBUG - _make_request:544 - https://www.ndbc.noaa.gov:443 "GET /data/realtime2/46236.txt HTTP/1.1" 200 19403
2025-06-01 09:35:43,685 - __main__ - DEBUG - collect_station_data:276 - Collected 2188 records for 46236 (spectral)
2025-06-01 09:35:43,700 - urllib3.connectionpool - DEBUG - _make_request:544 - https://www.ndbc.noaa.gov:443 "GET /data/realtime2/46237.txt HTTP/1.1" 200 23454
2025-06-01 09:35:43,720 - __main__ - DEBUG - collect_station_data:276 - Collected 2186 records for 46236 (wave)
2025-06-01 09:35:43,727 - urllib3.connectionpool - DEBUG - _make_request:544 - https://www.ndbc.noaa.gov:443 "GET /data/realtime2/46237.spec HTTP/1.1" 200 22431
2025-06-01 09:35:43,751 - urllib3.connectionpool - DEBUG - _make_request:544 - https://www.ndbc.noaa.gov:443 "GET /data/realtime2/51001.spec HTTP/1.1" 200 25135
2025-06-01 09:35:43,753 - __main__ - DEBUG - collect_station_data:276 - Collected 2181 records for 46237 (spectral)
2025-06-01 09:35:43,757 - __main__ - DEBUG - collect_station_data:276 - Collected 2182 records for 46237 (wave)
2025-06-01 09:35:43,758 - urllib3.connectionpool - DEBUG - _make_request:544 - https://www.ndbc.noaa.gov:443 "GET /data/realtime2/51001.txt HTTP/1.1" 200 None
2025-06-01 09:35:43,775 - __main__ - DEBUG - collect_station_data:276 - Collected 2155 records for 51001 (spectral)
2025-06-01 09:35:43,816 - urllib3.connectionpool - DEBUG - _make_request:544 - https://www.ndbc.noaa.gov:443 "GET /data/realtime2/51101.spec HTTP/1.1" 200 25053
2025-06-01 09:35:43,832 - urllib3.connectionpool - DEBUG - _make_request:544 - https://www.ndbc.noaa.gov:443 "GET /data/realtime2/51101.txt HTTP/1.1" 200 None
2025-06-01 09:35:43,838 - __main__ - DEBUG - collect_station_data:276 - Collected 2187 records for 51101 (spectral)
2025-06-01 09:35:43,895 - urllib3.connectionpool - DEBUG - _make_request:544 - https://www.ndbc.noaa.gov:443 "GET /data/realtime2/51003.spec HTTP/1.1" 404 196
2025-06-01 09:35:43,914 - urllib3.connectionpool - DEBUG - _make_request:544 - https://www.ndbc.noaa.gov:443 "GET /data/realtime2/51003.txt HTTP/1.1" 404 196
2025-06-01 09:35:43,938 - urllib3.connectionpool - DEBUG - _make_request:544 - https://www.ndbc.noaa.gov:443 "GET /data/realtime2/51201.txt HTTP/1.1" 200 17805
2025-06-01 09:35:43,944 - urllib3.connectionpool - DEBUG - _make_request:544 - https://www.ndbc.noaa.gov:443 "GET /data/realtime2/51201.spec HTTP/1.1" 200 21031
2025-06-01 09:35:43,966 - __main__ - DEBUG - collect_station_data:276 - Collected 2186 records for 51201 (spectral)
2025-06-01 09:35:43,970 - __main__ - DEBUG - collect_station_data:276 - Collected 2181 records for 51201 (wave)
2025-06-01 09:35:43,979 - __main__ - DEBUG - collect_station_data:276 - Collected 6510 records for 51101 (wave)
2025-06-01 09:35:43,995 - urllib3.connectionpool - DEBUG - _make_request:544 - https://www.ndbc.noaa.gov:443 "GET /data/realtime2/51202.spec HTTP/1.1" 200 20393
2025-06-01 09:35:44,000 - urllib3.connectionpool - DEBUG - _make_request:544 - https://www.ndbc.noaa.gov:443 "GET /data/realtime2/42001.spec HTTP/1.1" 200 24082
2025-06-01 09:35:44,011 - __main__ - DEBUG - collect_station_data:276 - Collected 2133 records for 51202 (spectral)
2025-06-01 09:35:44,018 - urllib3.connectionpool - DEBUG - _make_request:544 - https://www.ndbc.noaa.gov:443 "GET /data/realtime2/42001.txt HTTP/1.1" 200 None
2025-06-01 09:35:44,042 - __main__ - DEBUG - collect_station_data:276 - Collected 2177 records for 42001 (spectral)
2025-06-01 09:35:44,064 - urllib3.connectionpool - DEBUG - _make_request:544 - https://www.ndbc.noaa.gov:443 "GET /data/realtime2/42002.spec HTTP/1.1" 200 23973
2025-06-01 09:35:44,084 - urllib3.connectionpool - DEBUG - _make_request:544 - https://www.ndbc.noaa.gov:443 "GET /data/realtime2/42002.txt HTTP/1.1" 200 None
2025-06-01 09:35:44,103 - __main__ - DEBUG - collect_station_data:276 - Collected 6511 records for 51001 (wave)
2025-06-01 09:35:44,110 - __main__ - DEBUG - collect_station_data:276 - Collected 2179 records for 42002 (spectral)
2025-06-01 09:35:44,248 - __main__ - DEBUG - collect_station_data:276 - Collected 6520 records for 42002 (wave)
2025-06-01 09:35:44,251 - urllib3.connectionpool - DEBUG - _make_request:544 - https://www.ndbc.noaa.gov:443 "GET /data/realtime2/51202.txt HTTP/1.1" 200 18987
2025-06-01 09:35:44,307 - __main__ - DEBUG - collect_station_data:276 - Collected 2103 records for 51202 (wave)
2025-06-01 09:35:44,324 - __main__ - DEBUG - collect_station_data:276 - Collected 6521 records for 42001 (wave)
2025-06-01 09:35:44,325 - __main__ - INFO - run_continuous_collection:395 - Cycle complete: 52/60 successful in 2.2s
2025-06-01 09:35:44,325 - __main__ - INFO - run_continuous_collection:405 - Sleeping for 3597.8 seconds until next cycle...
2025-06-01 09:57:42,411 - __main__ - INFO - _signal_handler:216 - Shutdown signal 15 received, finishing current operations...
2025-06-01 09:58:11,440 - root - INFO - main:493 - Using specified stations: ['51001', '46221', '46224', '46225', '46232', '46235', '46236', '46237', '51201', '51202', '41001', '44013', '44014', '46012', '46013', '46014', '46022', '46026', '46027', '46042', '46054', '46086', '51003', '51101', '42019', '42020', '42036', '44017', '44025', '44027']
2025-06-01 09:58:11,440 - __main__ - INFO - run_continuous_collection:388 - Starting continuous collection for 30 stations
2025-06-01 09:58:11,440 - __main__ - INFO - run_continuous_collection:389 - Collection interval: 60 minutes
2025-06-01 09:58:11,440 - __main__ - INFO - run_continuous_collection:390 - Priority stations: 41001, 44013, 44014, 44017, 44025, 44027, 44065, 46012, 46013, 46014...
2025-06-01 09:58:11,440 - __main__ - INFO - run_continuous_collection:396 - Starting collection cycle...
2025-06-01 09:58:11,589 - urllib3.connectionpool - DEBUG - _new_conn:1049 - Starting new HTTPS connection (1): www.ndbc.noaa.gov:443
2025-06-01 09:58:11,590 - urllib3.connectionpool - DEBUG - _new_conn:1049 - Starting new HTTPS connection (2): www.ndbc.noaa.gov:443
2025-06-01 09:58:11,590 - urllib3.connectionpool - DEBUG - _new_conn:1049 - Starting new HTTPS connection (3): www.ndbc.noaa.gov:443
2025-06-01 09:58:11,590 - urllib3.connectionpool - DEBUG - _new_conn:1049 - Starting new HTTPS connection (4): www.ndbc.noaa.gov:443
2025-06-01 09:58:11,590 - urllib3.connectionpool - DEBUG - _new_conn:1049 - Starting new HTTPS connection (5): www.ndbc.noaa.gov:443
2025-06-01 09:58:11,590 - urllib3.connectionpool - DEBUG - _new_conn:1049 - Starting new HTTPS connection (6): www.ndbc.noaa.gov:443
2025-06-01 09:58:11,590 - urllib3.connectionpool - DEBUG - _new_conn:1049 - Starting new HTTPS connection (7): www.ndbc.noaa.gov:443
2025-06-01 09:58:11,590 - urllib3.connectionpool - DEBUG - _new_conn:1049 - Starting new HTTPS connection (8): www.ndbc.noaa.gov:443
2025-06-01 09:58:11,845 - urllib3.connectionpool - DEBUG - _make_request:544 - https://www.ndbc.noaa.gov:443 "GET /data/realtime2/41001.txt HTTP/1.1" 200 29645
2025-06-01 09:58:11,918 - __main__ - DEBUG - collect_station_data:280 - Collected 2372 records for 41001 (wave)
2025-06-01 09:58:11,930 - urllib3.connectionpool - DEBUG - _make_request:544 - https://www.ndbc.noaa.gov:443 "GET /data/realtime2/44013.swdir HTTP/1.1" 200 None
2025-06-01 09:58:11,937 - urllib3.connectionpool - DEBUG - _make_request:544 - https://www.ndbc.noaa.gov:443 "GET /data/realtime2/41001.data_spec HTTP/1.1" 200 None
2025-06-01 09:58:12,042 - urllib3.connectionpool - DEBUG - _make_request:544 - https://www.ndbc.noaa.gov:443 "GET /data/realtime2/41001.swdir HTTP/1.1" 200 66933
2025-06-01 09:58:12,176 - urllib3.connectionpool - DEBUG - _make_request:544 - https://www.ndbc.noaa.gov:443 "GET /data/realtime2/44014.data_spec HTTP/1.1" 200 None
2025-06-01 09:58:12,280 - __main__ - DEBUG - collect_station_data:280 - Collected 791 records for 41001 (raw_spectral)
2025-06-01 09:58:12,302 - __main__ - DEBUG - collect_station_data:280 - Collected 791 records for 41001 (directional)
2025-06-01 09:58:12,529 - urllib3.connectionpool - DEBUG - _make_request:544 - https://www.ndbc.noaa.gov:443 "GET /data/realtime2/44014.swdir HTTP/1.1" 200 None
2025-06-01 09:58:12,567 - __main__ - DEBUG - collect_station_data:280 - Collected 1966 records for 44013 (directional)
2025-06-01 09:58:12,688 - urllib3.connectionpool - DEBUG - _make_request:544 - https://www.ndbc.noaa.gov:443 "GET /data/realtime2/44014.spec HTTP/1.1" 200 15593
2025-06-01 09:58:12,759 - __main__ - DEBUG - collect_station_data:280 - Collected 2152 records for 44014 (spectral)
2025-06-01 09:58:12,789 - urllib3.connectionpool - DEBUG - _make_request:544 - https://www.ndbc.noaa.gov:443 "GET /data/realtime2/44014.txt HTTP/1.1" 200 None
2025-06-01 09:58:13,062 - __main__ - DEBUG - collect_station_data:280 - Collected 6532 records for 44014 (wave)
2025-06-01 09:58:13,076 - urllib3.connectionpool - DEBUG - _make_request:544 - https://www.ndbc.noaa.gov:443 "GET /data/realtime2/44017.data_spec HTTP/1.1" 404 196
2025-06-01 09:58:13,114 - urllib3.connectionpool - DEBUG - _make_request:544 - https://www.ndbc.noaa.gov:443 "GET /data/realtime2/41001.spec HTTP/1.1" 200 10050
2025-06-01 09:58:13,119 - __main__ - DEBUG - collect_station_data:280 - Collected 2152 records for 44014 (raw_spectral)
2025-06-01 09:58:13,120 - __main__ - DEBUG - collect_station_data:280 - Collected 791 records for 41001 (spectral)
2025-06-01 09:58:13,156 - urllib3.connectionpool - DEBUG - _make_request:544 - https://www.ndbc.noaa.gov:443 "GET /data/realtime2/44013.spec HTTP/1.1" 200 24030
2025-06-01 09:58:13,196 - __main__ - DEBUG - collect_station_data:280 - Collected 2175 records for 44013 (spectral)
2025-06-01 09:58:13,205 - urllib3.connectionpool - DEBUG - _make_request:544 - https://www.ndbc.noaa.gov:443 "GET /data/realtime2/44013.data_spec HTTP/1.1" 200 None
2025-06-01 09:58:13,217 - __main__ - DEBUG - collect_station_data:280 - Collected 2152 records for 44014 (directional)
2025-06-01 09:58:13,287 - urllib3.connectionpool - DEBUG - _make_request:544 - https://www.ndbc.noaa.gov:443 "GET /data/realtime2/44017.txt HTTP/1.1" 404 196
2025-06-01 09:58:13,310 - urllib3.connectionpool - DEBUG - _make_request:544 - https://www.ndbc.noaa.gov:443 "GET /data/realtime2/44025.spec HTTP/1.1" 200 19330
2025-06-01 09:58:13,365 - urllib3.connectionpool - DEBUG - _make_request:544 - https://www.ndbc.noaa.gov:443 "GET /data/realtime2/44013.txt HTTP/1.1" 200 None
2025-06-01 09:58:13,368 - __main__ - DEBUG - collect_station_data:280 - Collected 1708 records for 44025 (spectral)
2025-06-01 09:58:13,433 - urllib3.connectionpool - DEBUG - _make_request:544 - https://www.ndbc.noaa.gov:443 "GET /data/realtime2/44017.swdir HTTP/1.1" 404 196
2025-06-01 09:58:13,456 - urllib3.connectionpool - DEBUG - _make_request:544 - https://www.ndbc.noaa.gov:443 "GET /data/realtime2/44017.spec HTTP/1.1" 404 196
2025-06-01 09:58:13,482 - urllib3.connectionpool - DEBUG - _make_request:544 - https://www.ndbc.noaa.gov:443 "GET /data/realtime2/44025.data_spec HTTP/1.1" 200 None
2025-06-01 09:58:13,506 - urllib3.connectionpool - DEBUG - _make_request:544 - https://www.ndbc.noaa.gov:443 "GET /data/realtime2/44025.txt HTTP/1.1" 200 None
2025-06-01 09:58:13,599 - urllib3.connectionpool - DEBUG - _make_request:544 - https://www.ndbc.noaa.gov:443 "GET /data/realtime2/44025.swdir HTTP/1.1" 200 None
2025-06-01 09:58:13,611 - urllib3.connectionpool - DEBUG - _make_request:544 - https://www.ndbc.noaa.gov:443 "GET /data/realtime2/44027.data_spec HTTP/1.1" 200 None
2025-06-01 09:58:13,664 - urllib3.connectionpool - DEBUG - _make_request:544 - https://www.ndbc.noaa.gov:443 "GET /data/realtime2/44027.spec HTTP/1.1" 200 25923
2025-06-01 09:58:13,695 - __main__ - DEBUG - collect_station_data:280 - Collected 6522 records for 44013 (wave)
2025-06-01 09:58:13,710 - urllib3.connectionpool - DEBUG - _make_request:544 - https://www.ndbc.noaa.gov:443 "GET /data/realtime2/44027.swdir HTTP/1.1" 200 None
2025-06-01 09:58:13,712 - __main__ - DEBUG - collect_station_data:280 - Collected 2183 records for 44027 (spectral)
2025-06-01 09:58:13,724 - __main__ - DEBUG - collect_station_data:280 - Collected 6536 records for 44025 (wave)
2025-06-01 09:58:13,966 - __main__ - DEBUG - collect_station_data:280 - Collected 2174 records for 44013 (raw_spectral)
2025-06-01 09:58:14,033 - urllib3.connectionpool - DEBUG - _make_request:544 - https://www.ndbc.noaa.gov:443 "GET /data/realtime2/44027.txt HTTP/1.1" 200 None
2025-06-01 09:58:14,084 - urllib3.connectionpool - DEBUG - _make_request:544 - https://www.ndbc.noaa.gov:443 "GET /data/realtime2/44065.swdir HTTP/1.1" 200 None
2025-06-01 09:58:14,156 - urllib3.connectionpool - DEBUG - _make_request:544 - https://www.ndbc.noaa.gov:443 "GET /data/realtime2/44065.spec HTTP/1.1" 200 24586
2025-06-01 09:58:14,182 - __main__ - DEBUG - collect_station_data:280 - Collected 2189 records for 44065 (spectral)
2025-06-01 09:58:14,188 - urllib3.connectionpool - DEBUG - _make_request:544 - https://www.ndbc.noaa.gov:443 "GET /data/realtime2/44065.data_spec HTTP/1.1" 200 None
2025-06-01 09:58:14,282 - __main__ - DEBUG - collect_station_data:280 - Collected 1708 records for 44025 (raw_spectral)
2025-06-01 09:58:14,309 - __main__ - DEBUG - collect_station_data:280 - Collected 6531 records for 44027 (wave)
2025-06-01 09:58:14,394 - urllib3.connectionpool - DEBUG - _make_request:544 - https://www.ndbc.noaa.gov:443 "GET /data/realtime2/44065.txt HTTP/1.1" 200 None
2025-06-01 09:58:14,416 - __main__ - DEBUG - collect_station_data:280 - Collected 1708 records for 44025 (directional)
2025-06-01 09:58:14,535 - urllib3.connectionpool - DEBUG - _make_request:544 - https://www.ndbc.noaa.gov:443 "GET /data/realtime2/46012.data_spec HTTP/1.1" 404 196
2025-06-01 09:58:14,556 - urllib3.connectionpool - DEBUG - _make_request:544 - https://www.ndbc.noaa.gov:443 "GET /data/realtime2/46012.swdir HTTP/1.1" 404 196
2025-06-01 09:58:14,646 - urllib3.connectionpool - DEBUG - _make_request:544 - https://www.ndbc.noaa.gov:443 "GET /data/realtime2/46013.data_spec HTTP/1.1" 200 None
2025-06-01 09:58:14,688 - __main__ - DEBUG - collect_station_data:280 - Collected 2180 records for 44027 (directional)
2025-06-01 09:58:14,698 - __main__ - DEBUG - collect_station_data:280 - Collected 2180 records for 44027 (raw_spectral)
2025-06-01 09:58:14,719 - __main__ - DEBUG - collect_station_data:280 - Collected 6516 records for 44065 (wave)
2025-06-01 09:58:14,763 - urllib3.connectionpool - DEBUG - _make_request:544 - https://www.ndbc.noaa.gov:443 "GET /data/realtime2/46012.spec HTTP/1.1" 404 196
2025-06-01 09:58:14,807 - urllib3.connectionpool - DEBUG - _make_request:544 - https://www.ndbc.noaa.gov:443 "GET /data/realtime2/46013.swdir HTTP/1.1" 200 None
2025-06-01 09:58:14,808 - urllib3.connectionpool - DEBUG - _make_request:544 - https://www.ndbc.noaa.gov:443 "GET /data/realtime2/46013.txt HTTP/1.1" 200 None
2025-06-01 09:58:14,898 - urllib3.connectionpool - DEBUG - _make_request:544 - https://www.ndbc.noaa.gov:443 "GET /data/realtime2/46013.spec HTTP/1.1" 200 25566
2025-06-01 09:58:14,940 - __main__ - DEBUG - collect_station_data:280 - Collected 2187 records for 46013 (spectral)
2025-06-01 09:58:14,947 - __main__ - DEBUG - collect_station_data:280 - Collected 2188 records for 44065 (directional)
2025-06-01 09:58:14,952 - urllib3.connectionpool - DEBUG - _make_request:544 - https://www.ndbc.noaa.gov:443 "GET /data/realtime2/46012.txt HTTP/1.1" 404 196
2025-06-01 09:58:14,987 - urllib3.connectionpool - DEBUG - _make_request:544 - https://www.ndbc.noaa.gov:443 "GET /data/realtime2/46014.data_spec HTTP/1.1" 200 None
2025-06-01 09:58:15,051 - __main__ - DEBUG - collect_station_data:280 - Collected 6551 records for 46013 (wave)
2025-06-01 09:58:15,065 - __main__ - DEBUG - collect_station_data:280 - Collected 2188 records for 44065 (raw_spectral)
2025-06-01 09:58:15,084 - urllib3.connectionpool - DEBUG - _make_request:544 - https://www.ndbc.noaa.gov:443 "GET /data/realtime2/46014.txt HTTP/1.1" 200 None
2025-06-01 09:58:15,142 - urllib3.connectionpool - DEBUG - _make_request:544 - https://www.ndbc.noaa.gov:443 "GET /data/realtime2/46014.spec HTTP/1.1" 200 26029
2025-06-01 09:58:15,201 - urllib3.connectionpool - DEBUG - _make_request:544 - https://www.ndbc.noaa.gov:443 "GET /data/realtime2/46022.data_spec HTTP/1.1" 200 None
2025-06-01 09:58:15,216 - urllib3.connectionpool - DEBUG - _make_request:544 - https://www.ndbc.noaa.gov:443 "GET /data/realtime2/46022.swdir HTTP/1.1" 200 None
2025-06-01 09:58:15,224 - __main__ - DEBUG - collect_station_data:280 - Collected 2183 records for 46014 (spectral)
2025-06-01 09:58:15,260 - urllib3.connectionpool - DEBUG - _make_request:544 - https://www.ndbc.noaa.gov:443 "GET /data/realtime2/46014.swdir HTTP/1.1" 200 None
2025-06-01 09:58:15,371 - __main__ - DEBUG - collect_station_data:280 - Collected 2187 records for 46013 (directional)
2025-06-01 09:58:15,436 - urllib3.connectionpool - DEBUG - _make_request:544 - https://www.ndbc.noaa.gov:443 "GET /data/realtime2/46022.spec HTTP/1.1" 200 19916
2025-06-01 09:58:15,461 - __main__ - DEBUG - collect_station_data:280 - Collected 6542 records for 46014 (wave)
2025-06-01 09:58:15,462 - __main__ - DEBUG - collect_station_data:280 - Collected 1639 records for 46022 (spectral)
2025-06-01 09:58:15,553 - urllib3.connectionpool - DEBUG - _make_request:544 - https://www.ndbc.noaa.gov:443 "GET /data/realtime2/46022.txt HTTP/1.1" 200 None
2025-06-01 09:58:15,603 - urllib3.connectionpool - DEBUG - _make_request:544 - https://www.ndbc.noaa.gov:443 "GET /data/realtime2/46026.swdir HTTP/1.1" 200 46985
2025-06-01 09:58:15,665 - __main__ - DEBUG - collect_station_data:280 - Collected 2187 records for 46013 (raw_spectral)
2025-06-01 09:58:15,764 - urllib3.connectionpool - DEBUG - _make_request:544 - https://www.ndbc.noaa.gov:443 "GET /data/realtime2/46026.spec HTTP/1.1" 200 7170
2025-06-01 09:58:15,797 - __main__ - DEBUG - collect_station_data:280 - Collected 594 records for 46026 (spectral)
2025-06-01 09:58:15,822 - urllib3.connectionpool - DEBUG - _make_request:544 - https://www.ndbc.noaa.gov:443 "GET /data/realtime2/46026.data_spec HTTP/1.1" 200 None
2025-06-01 09:58:15,880 - __main__ - DEBUG - collect_station_data:280 - Collected 594 records for 46026 (directional)
2025-06-01 09:58:15,885 - __main__ - DEBUG - collect_station_data:280 - Collected 6554 records for 46022 (wave)
2025-06-01 09:58:15,897 - urllib3.connectionpool - DEBUG - _make_request:544 - https://www.ndbc.noaa.gov:443 "GET /data/realtime2/46026.txt HTTP/1.1" 200 19868
2025-06-01 09:58:15,934 - __main__ - DEBUG - collect_station_data:280 - Collected 1639 records for 46022 (directional)
2025-06-01 09:58:15,959 - __main__ - DEBUG - collect_station_data:280 - Collected 1782 records for 46026 (wave)
2025-06-01 09:58:15,973 - urllib3.connectionpool - DEBUG - _make_request:544 - https://www.ndbc.noaa.gov:443 "GET /data/realtime2/46027.data_spec HTTP/1.1" 200 None
2025-06-01 09:58:15,990 - urllib3.connectionpool - DEBUG - _make_request:544 - https://www.ndbc.noaa.gov:443 "GET /data/realtime2/46027.swdir HTTP/1.1" 200 None
2025-06-01 09:58:16,037 - __main__ - DEBUG - collect_station_data:280 - Collected 1639 records for 46022 (raw_spectral)
2025-06-01 09:58:16,085 - __main__ - DEBUG - collect_station_data:280 - Collected 2184 records for 46014 (directional)
2025-06-01 09:58:16,088 - __main__ - DEBUG - collect_station_data:280 - Collected 2184 records for 46014 (raw_spectral)
2025-06-01 09:58:16,107 - __main__ - DEBUG - collect_station_data:280 - Collected 594 records for 46026 (raw_spectral)
2025-06-01 09:58:16,133 - urllib3.connectionpool - DEBUG - _make_request:544 - https://www.ndbc.noaa.gov:443 "GET /data/realtime2/46027.spec HTTP/1.1" 200 25435
2025-06-01 09:58:16,156 - urllib3.connectionpool - DEBUG - _make_request:544 - https://www.ndbc.noaa.gov:443 "GET /data/realtime2/46027.txt HTTP/1.1" 200 None
2025-06-01 09:58:16,167 - __main__ - DEBUG - collect_station_data:280 - Collected 2187 records for 46027 (spectral)
2025-06-01 09:58:16,231 - urllib3.connectionpool - DEBUG - _make_request:544 - https://www.ndbc.noaa.gov:443 "GET /data/realtime2/46042.data_spec HTTP/1.1" 404 196
2025-06-01 09:58:16,291 - urllib3.connectionpool - DEBUG - _make_request:544 - https://www.ndbc.noaa.gov:443 "GET /data/realtime2/46042.swdir HTTP/1.1" 404 196
2025-06-01 09:58:16,294 - urllib3.connectionpool - DEBUG - _make_request:544 - https://www.ndbc.noaa.gov:443 "GET /data/realtime2/46054.data_spec HTTP/1.1" 200 None
2025-06-01 09:58:16,332 - urllib3.connectionpool - DEBUG - _make_request:544 - https://www.ndbc.noaa.gov:443 "GET /data/realtime2/46042.txt HTTP/1.1" 404 196
2025-06-01 09:58:16,333 - urllib3.connectionpool - DEBUG - _make_request:544 - https://www.ndbc.noaa.gov:443 "GET /data/realtime2/46042.spec HTTP/1.1" 404 196
2025-06-01 09:58:16,409 - urllib3.connectionpool - DEBUG - _make_request:544 - https://www.ndbc.noaa.gov:443 "GET /data/realtime2/46054.swdir HTTP/1.1" 200 None
2025-06-01 09:58:16,420 - __main__ - DEBUG - collect_station_data:280 - Collected 6554 records for 46027 (wave)
2025-06-01 09:58:16,477 - urllib3.connectionpool - DEBUG - _make_request:544 - https://www.ndbc.noaa.gov:443 "GET /data/realtime2/46054.txt HTTP/1.1" 200 66810
2025-06-01 09:58:16,498 - urllib3.connectionpool - DEBUG - _make_request:544 - https://www.ndbc.noaa.gov:443 "GET /data/realtime2/46054.spec HTTP/1.1" 200 24965
2025-06-01 09:58:16,564 - __main__ - DEBUG - collect_station_data:280 - Collected 2180 records for 46054 (spectral)
2025-06-01 09:58:16,598 - urllib3.connectionpool - DEBUG - _make_request:544 - https://www.ndbc.noaa.gov:443 "GET /data/realtime2/46086.data_spec HTTP/1.1" 200 None
2025-06-01 09:58:16,598 - __main__ - DEBUG - collect_station_data:280 - Collected 2187 records for 46027 (directional)
2025-06-01 09:58:16,660 - urllib3.connectionpool - DEBUG - _make_request:544 - https://www.ndbc.noaa.gov:443 "GET /data/realtime2/46086.swdir HTTP/1.1" 200 None
2025-06-01 09:58:16,661 - __main__ - DEBUG - collect_station_data:280 - Collected 6542 records for 46054 (wave)
2025-06-01 09:58:16,683 - urllib3.connectionpool - DEBUG - _make_request:544 - https://www.ndbc.noaa.gov:443 "GET /data/realtime2/46086.spec HTTP/1.1" 200 18068
2025-06-01 09:58:16,724 - __main__ - DEBUG - collect_station_data:280 - Collected 2167 records for 46086 (spectral)
2025-06-01 09:58:16,815 - urllib3.connectionpool - DEBUG - _make_request:544 - https://www.ndbc.noaa.gov:443 "GET /data/realtime2/46086.txt HTTP/1.1" 200 None
2025-06-01 09:58:16,884 - urllib3.connectionpool - DEBUG - _make_request:544 - https://www.ndbc.noaa.gov:443 "GET /data/realtime2/46221.swdir HTTP/1.1" 200 None
2025-06-01 09:58:16,989 - urllib3.connectionpool - DEBUG - _make_request:544 - https://www.ndbc.noaa.gov:443 "GET /data/realtime2/46221.data_spec HTTP/1.1" 200 None
2025-06-01 09:58:17,030 - __main__ - DEBUG - collect_station_data:280 - Collected 2187 records for 46027 (raw_spectral)
2025-06-01 09:58:17,035 - __main__ - DEBUG - collect_station_data:280 - Collected 6493 records for 46086 (wave)
2025-06-01 09:58:17,053 - __main__ - DEBUG - collect_station_data:280 - Collected 2180 records for 46054 (directional)
2025-06-01 09:58:17,086 - urllib3.connectionpool - DEBUG - _make_request:544 - https://www.ndbc.noaa.gov:443 "GET /data/realtime2/46221.spec HTTP/1.1" 200 21711
2025-06-01 09:58:17,107 - __main__ - DEBUG - collect_station_data:280 - Collected 2190 records for 46221 (spectral)
2025-06-01 09:58:17,183 - urllib3.connectionpool - DEBUG - _make_request:544 - https://www.ndbc.noaa.gov:443 "GET /data/realtime2/46221.txt HTTP/1.1" 200 19465
2025-06-01 09:58:17,215 - urllib3.connectionpool - DEBUG - _make_request:544 - https://www.ndbc.noaa.gov:443 "GET /data/realtime2/46224.data_spec HTTP/1.1" 200 None
2025-06-01 09:58:17,240 - __main__ - DEBUG - collect_station_data:280 - Collected 2188 records for 46221 (wave)
2025-06-01 09:58:17,246 - __main__ - DEBUG - collect_station_data:280 - Collected 2167 records for 46086 (directional)
2025-06-01 09:58:17,303 - __main__ - DEBUG - collect_station_data:280 - Collected 2180 records for 46054 (raw_spectral)
2025-06-01 09:58:17,332 - urllib3.connectionpool - DEBUG - _make_request:544 - https://www.ndbc.noaa.gov:443 "GET /data/realtime2/46224.spec HTTP/1.1" 200 21251
2025-06-01 09:58:17,359 - __main__ - DEBUG - collect_station_data:280 - Collected 2186 records for 46224 (spectral)
2025-06-01 09:58:17,385 - urllib3.connectionpool - DEBUG - _make_request:544 - https://www.ndbc.noaa.gov:443 "GET /data/realtime2/46224.txt HTTP/1.1" 200 19076
2025-06-01 09:58:17,444 - __main__ - DEBUG - collect_station_data:280 - Collected 2167 records for 46086 (raw_spectral)
2025-06-01 09:58:17,455 - __main__ - DEBUG - collect_station_data:280 - Collected 2185 records for 46224 (wave)
2025-06-01 09:58:17,457 - urllib3.connectionpool - DEBUG - _make_request:544 - https://www.ndbc.noaa.gov:443 "GET /data/realtime2/46224.swdir HTTP/1.1" 200 None
2025-06-01 09:58:17,523 - __main__ - DEBUG - collect_station_data:280 - Collected 1096 records for 46221 (directional)
2025-06-01 09:58:17,563 - urllib3.connectionpool - DEBUG - _make_request:544 - https://www.ndbc.noaa.gov:443 "GET /data/realtime2/46225.data_spec HTTP/1.1" 200 None
2025-06-01 09:58:17,581 - urllib3.connectionpool - DEBUG - _make_request:544 - https://www.ndbc.noaa.gov:443 "GET /data/realtime2/46225.spec HTTP/1.1" 200 21549
2025-06-01 09:58:17,606 - __main__ - DEBUG - collect_station_data:280 - Collected 1096 records for 46224 (raw_spectral)
2025-06-01 09:58:17,609 - __main__ - DEBUG - collect_station_data:280 - Collected 2190 records for 46225 (spectral)
2025-06-01 09:58:17,645 - urllib3.connectionpool - DEBUG - _make_request:544 - https://www.ndbc.noaa.gov:443 "GET /data/realtime2/46225.swdir HTTP/1.1" 200 None
2025-06-01 09:58:17,665 - __main__ - DEBUG - collect_station_data:280 - Collected 1096 records for 46221 (raw_spectral)
2025-06-01 09:58:17,707 - urllib3.connectionpool - DEBUG - _make_request:544 - https://www.ndbc.noaa.gov:443 "GET /data/realtime2/46225.txt HTTP/1.1" 200 19311
2025-06-01 09:58:17,744 - __main__ - DEBUG - collect_station_data:280 - Collected 2188 records for 46225 (wave)
2025-06-01 09:58:17,780 - urllib3.connectionpool - DEBUG - _make_request:544 - https://www.ndbc.noaa.gov:443 "GET /data/realtime2/46232.spec HTTP/1.1" 200 21903
2025-06-01 09:58:17,802 - urllib3.connectionpool - DEBUG - _make_request:544 - https://www.ndbc.noaa.gov:443 "GET /data/realtime2/46232.data_spec HTTP/1.1" 200 None
2025-06-01 09:58:17,803 - __main__ - DEBUG - collect_station_data:280 - Collected 2188 records for 46232 (spectral)
2025-06-01 09:58:17,859 - urllib3.connectionpool - DEBUG - _make_request:544 - https://www.ndbc.noaa.gov:443 "GET /data/realtime2/46232.swdir HTTP/1.1" 200 None
2025-06-01 09:58:17,912 - urllib3.connectionpool - DEBUG - _make_request:544 - https://www.ndbc.noaa.gov:443 "GET /data/realtime2/46232.txt HTTP/1.1" 200 19019
2025-06-01 09:58:17,949 - __main__ - DEBUG - collect_station_data:280 - Collected 2185 records for 46232 (wave)
2025-06-01 09:58:18,006 - urllib3.connectionpool - DEBUG - _make_request:544 - https://www.ndbc.noaa.gov:443 "GET /data/realtime2/46235.data_spec HTTP/1.1" 200 None
2025-06-01 09:58:18,042 - urllib3.connectionpool - DEBUG - _make_request:544 - https://www.ndbc.noaa.gov:443 "GET /data/realtime2/46235.swdir HTTP/1.1" 200 None
2025-06-01 09:58:18,060 - urllib3.connectionpool - DEBUG - _make_request:544 - https://www.ndbc.noaa.gov:443 "GET /data/realtime2/46235.spec HTTP/1.1" 200 21385
2025-06-01 09:58:18,095 - __main__ - DEBUG - collect_station_data:280 - Collected 2184 records for 46235 (spectral)
2025-06-01 09:58:18,100 - __main__ - DEBUG - collect_station_data:280 - Collected 1096 records for 46225 (raw_spectral)
2025-06-01 09:58:18,305 - urllib3.connectionpool - DEBUG - _make_request:544 - https://www.ndbc.noaa.gov:443 "GET /data/realtime2/46235.txt HTTP/1.1" 200 21857
2025-06-01 09:58:18,312 - __main__ - DEBUG - collect_station_data:280 - Collected 1096 records for 46224 (directional)
2025-06-01 09:58:18,330 - urllib3.connectionpool - DEBUG - _make_request:544 - https://www.ndbc.noaa.gov:443 "GET /data/realtime2/46236.data_spec HTTP/1.1" 200 None
2025-06-01 09:58:18,368 - __main__ - DEBUG - collect_station_data:280 - Collected 2182 records for 46235 (wave)
2025-06-01 09:58:18,375 - __main__ - DEBUG - collect_station_data:280 - Collected 1096 records for 46232 (raw_spectral)
2025-06-01 09:58:18,429 - __main__ - DEBUG - collect_station_data:280 - Collected 1096 records for 46225 (directional)
2025-06-01 09:58:18,493 - __main__ - DEBUG - collect_station_data:280 - Collected 1096 records for 46232 (directional)
2025-06-01 09:58:18,523 - urllib3.connectionpool - DEBUG - _make_request:544 - https://www.ndbc.noaa.gov:443 "GET /data/realtime2/46236.swdir HTTP/1.1" 200 None
2025-06-01 09:58:18,586 - urllib3.connectionpool - DEBUG - _make_request:544 - https://www.ndbc.noaa.gov:443 "GET /data/realtime2/46236.spec HTTP/1.1" 200 21324
2025-06-01 09:58:18,598 - urllib3.connectionpool - DEBUG - _make_request:544 - https://www.ndbc.noaa.gov:443 "GET /data/realtime2/46236.txt HTTP/1.1" 200 19419
2025-06-01 09:58:18,617 - __main__ - DEBUG - collect_station_data:280 - Collected 2190 records for 46236 (spectral)
2025-06-01 09:58:18,624 - __main__ - DEBUG - collect_station_data:280 - Collected 2188 records for 46236 (wave)
2025-06-01 09:58:18,689 - urllib3.connectionpool - DEBUG - _make_request:544 - https://www.ndbc.noaa.gov:443 "GET /data/realtime2/46237.data_spec HTTP/1.1" 200 None
2025-06-01 09:58:18,704 - __main__ - DEBUG - collect_station_data:280 - Collected 1093 records for 46235 (raw_spectral)
2025-06-01 09:58:18,754 - urllib3.connectionpool - DEBUG - _make_request:544 - https://www.ndbc.noaa.gov:443 "GET /data/realtime2/46237.spec HTTP/1.1" 200 22435
2025-06-01 09:58:18,776 - urllib3.connectionpool - DEBUG - _make_request:544 - https://www.ndbc.noaa.gov:443 "GET /data/realtime2/46237.txt HTTP/1.1" 200 23454
2025-06-01 09:58:18,798 - __main__ - DEBUG - collect_station_data:280 - Collected 1096 records for 46236 (raw_spectral)
2025-06-01 09:58:18,805 - __main__ - DEBUG - collect_station_data:280 - Collected 2182 records for 46237 (spectral)
2025-06-01 09:58:18,831 - __main__ - DEBUG - collect_station_data:280 - Collected 2182 records for 46237 (wave)
2025-06-01 09:58:18,917 - urllib3.connectionpool - DEBUG - _make_request:544 - https://www.ndbc.noaa.gov:443 "GET /data/realtime2/51001.spec HTTP/1.1" 200 25149
2025-06-01 09:58:18,918 - urllib3.connectionpool - DEBUG - _make_request:544 - https://www.ndbc.noaa.gov:443 "GET /data/realtime2/46237.swdir HTTP/1.1" 200 None
2025-06-01 09:58:18,942 - urllib3.connectionpool - DEBUG - _make_request:544 - https://www.ndbc.noaa.gov:443 "GET /data/realtime2/51001.data_spec HTTP/1.1" 200 None
2025-06-01 09:58:18,952 - __main__ - DEBUG - collect_station_data:280 - Collected 2156 records for 51001 (spectral)
2025-06-01 09:58:18,970 - urllib3.connectionpool - DEBUG - _make_request:544 - https://www.ndbc.noaa.gov:443 "GET /data/realtime2/51001.txt HTTP/1.1" 200 None
2025-06-01 09:58:18,977 - __main__ - DEBUG - collect_station_data:280 - Collected 1093 records for 46235 (directional)
2025-06-01 09:58:19,003 - __main__ - DEBUG - collect_station_data:280 - Collected 1096 records for 46236 (directional)
2025-06-01 09:58:19,084 - urllib3.connectionpool - DEBUG - _make_request:544 - https://www.ndbc.noaa.gov:443 "GET /data/realtime2/51001.swdir HTTP/1.1" 200 None
2025-06-01 09:58:19,245 - __main__ - DEBUG - collect_station_data:280 - Collected 6514 records for 51001 (wave)
2025-06-01 09:58:19,294 - urllib3.connectionpool - DEBUG - _make_request:544 - https://www.ndbc.noaa.gov:443 "GET /data/realtime2/51003.data_spec HTTP/1.1" 404 196
2025-06-01 09:58:19,332 - urllib3.connectionpool - DEBUG - _make_request:544 - https://www.ndbc.noaa.gov:443 "GET /data/realtime2/51003.swdir HTTP/1.1" 404 196
2025-06-01 09:58:19,366 - urllib3.connectionpool - DEBUG - _make_request:544 - https://www.ndbc.noaa.gov:443 "GET /data/realtime2/51003.spec HTTP/1.1" 404 196
2025-06-01 09:58:19,582 - urllib3.connectionpool - DEBUG - _make_request:544 - https://www.ndbc.noaa.gov:443 "GET /data/realtime2/51003.txt HTTP/1.1" 404 196
2025-06-01 09:58:19,605 - urllib3.connectionpool - DEBUG - _make_request:544 - https://www.ndbc.noaa.gov:443 "GET /data/realtime2/51101.spec HTTP/1.1" 200 25069
2025-06-01 09:58:19,625 - __main__ - DEBUG - collect_station_data:280 - Collected 2188 records for 51101 (spectral)
2025-06-01 09:58:19,696 - urllib3.connectionpool - DEBUG - _make_request:544 - https://www.ndbc.noaa.gov:443 "GET /data/realtime2/51101.data_spec HTTP/1.1" 200 None
2025-06-01 09:58:19,737 - urllib3.connectionpool - DEBUG - _make_request:544 - https://www.ndbc.noaa.gov:443 "GET /data/realtime2/51101.swdir HTTP/1.1" 200 None
2025-06-01 09:58:19,867 - urllib3.connectionpool - DEBUG - _make_request:544 - https://www.ndbc.noaa.gov:443 "GET /data/realtime2/51101.txt HTTP/1.1" 200 None
2025-06-01 09:58:19,910 - __main__ - DEBUG - collect_station_data:280 - Collected 1092 records for 46237 (raw_spectral)
2025-06-01 09:58:19,934 - urllib3.connectionpool - DEBUG - _make_request:544 - https://www.ndbc.noaa.gov:443 "GET /data/realtime2/51201.data_spec HTTP/1.1" 200 None
2025-06-01 09:58:20,025 - __main__ - DEBUG - collect_station_data:280 - Collected 2156 records for 51001 (raw_spectral)
2025-06-01 09:58:20,136 - __main__ - DEBUG - collect_station_data:280 - Collected 2156 records for 51001 (directional)
2025-06-01 09:58:20,138 - __main__ - DEBUG - collect_station_data:280 - Collected 6513 records for 51101 (wave)
2025-06-01 09:58:20,291 - urllib3.connectionpool - DEBUG - _make_request:544 - https://www.ndbc.noaa.gov:443 "GET /data/realtime2/51201.spec HTTP/1.1" 200 21031
2025-06-01 09:58:20,315 - urllib3.connectionpool - DEBUG - _make_request:544 - https://www.ndbc.noaa.gov:443 "GET /data/realtime2/51201.swdir HTTP/1.1" 200 None
2025-06-01 09:58:20,321 - __main__ - DEBUG - collect_station_data:280 - Collected 2186 records for 51201 (spectral)
2025-06-01 09:58:20,348 - __main__ - DEBUG - collect_station_data:280 - Collected 1092 records for 46237 (directional)
2025-06-01 09:58:20,401 - urllib3.connectionpool - DEBUG - _make_request:544 - https://www.ndbc.noaa.gov:443 "GET /data/realtime2/51201.txt HTTP/1.1" 200 17805
2025-06-01 09:58:20,405 - urllib3.connectionpool - DEBUG - _make_request:544 - https://www.ndbc.noaa.gov:443 "GET /data/realtime2/51202.data_spec HTTP/1.1" 200 None
2025-06-01 09:58:20,424 - __main__ - DEBUG - collect_station_data:280 - Collected 2181 records for 51201 (wave)
2025-06-01 09:58:20,526 - urllib3.connectionpool - DEBUG - _make_request:544 - https://www.ndbc.noaa.gov:443 "GET /data/realtime2/51202.spec HTTP/1.1" 200 20408
2025-06-01 09:58:20,533 - __main__ - DEBUG - collect_station_data:280 - Collected 2188 records for 51101 (directional)
2025-06-01 09:58:20,563 - __main__ - DEBUG - collect_station_data:280 - Collected 2134 records for 51202 (spectral)
2025-06-01 09:58:20,629 - urllib3.connectionpool - DEBUG - _make_request:544 - https://www.ndbc.noaa.gov:443 "GET /data/realtime2/51202.swdir HTTP/1.1" 200 None
2025-06-01 09:58:20,639 - __main__ - DEBUG - collect_station_data:280 - Collected 1096 records for 51201 (raw_spectral)
2025-06-01 09:58:20,704 - urllib3.connectionpool - DEBUG - _make_request:544 - https://www.ndbc.noaa.gov:443 "GET /data/realtime2/51202.txt HTTP/1.1" 200 18997
2025-06-01 09:58:20,730 - __main__ - DEBUG - collect_station_data:280 - Collected 2104 records for 51202 (wave)
2025-06-01 09:58:20,824 - urllib3.connectionpool - DEBUG - _make_request:544 - https://www.ndbc.noaa.gov:443 "GET /data/realtime2/42001.data_spec HTTP/1.1" 200 None
2025-06-01 09:58:20,887 - urllib3.connectionpool - DEBUG - _make_request:544 - https://www.ndbc.noaa.gov:443 "GET /data/realtime2/42001.swdir HTTP/1.1" 200 None
2025-06-01 09:58:20,912 - __main__ - DEBUG - collect_station_data:280 - Collected 2188 records for 51101 (raw_spectral)
2025-06-01 09:58:21,019 - __main__ - DEBUG - collect_station_data:280 - Collected 1096 records for 51201 (directional)
2025-06-01 09:58:21,054 - urllib3.connectionpool - DEBUG - _make_request:544 - https://www.ndbc.noaa.gov:443 "GET /data/realtime2/42001.txt HTTP/1.1" 200 None
2025-06-01 09:58:21,139 - urllib3.connectionpool - DEBUG - _make_request:544 - https://www.ndbc.noaa.gov:443 "GET /data/realtime2/42001.spec HTTP/1.1" 200 24097
2025-06-01 09:58:21,187 - __main__ - DEBUG - collect_station_data:280 - Collected 6524 records for 42001 (wave)
2025-06-01 09:58:21,200 - __main__ - DEBUG - collect_station_data:280 - Collected 2178 records for 42001 (spectral)
2025-06-01 09:58:21,207 - urllib3.connectionpool - DEBUG - _make_request:544 - https://www.ndbc.noaa.gov:443 "GET /data/realtime2/42002.data_spec HTTP/1.1" 200 None
2025-06-01 09:58:21,360 - urllib3.connectionpool - DEBUG - _make_request:544 - https://www.ndbc.noaa.gov:443 "GET /data/realtime2/42002.swdir HTTP/1.1" 200 None
2025-06-01 09:58:21,483 - urllib3.connectionpool - DEBUG - _make_request:544 - https://www.ndbc.noaa.gov:443 "GET /data/realtime2/42002.spec HTTP/1.1" 200 23982
2025-06-01 09:58:21,518 - __main__ - DEBUG - collect_station_data:280 - Collected 1070 records for 51202 (raw_spectral)
2025-06-01 09:58:21,552 - __main__ - DEBUG - collect_station_data:280 - Collected 2180 records for 42002 (spectral)
2025-06-01 09:58:21,563 - urllib3.connectionpool - DEBUG - _make_request:544 - https://www.ndbc.noaa.gov:443 "GET /data/realtime2/42002.txt HTTP/1.1" 200 None
2025-06-01 09:58:21,820 - __main__ - DEBUG - collect_station_data:280 - Collected 2178 records for 42001 (raw_spectral)
2025-06-01 09:58:21,829 - __main__ - DEBUG - collect_station_data:280 - Collected 6523 records for 42002 (wave)
2025-06-01 09:58:21,896 - __main__ - DEBUG - collect_station_data:280 - Collected 1070 records for 51202 (directional)
2025-06-01 09:58:21,916 - __main__ - DEBUG - collect_station_data:280 - Collected 2178 records for 42001 (directional)
2025-06-01 09:58:22,204 - __main__ - DEBUG - collect_station_data:280 - Collected 2179 records for 42002 (directional)
2025-06-01 09:58:22,294 - __main__ - DEBUG - collect_station_data:280 - Collected 2179 records for 42002 (raw_spectral)
2025-06-01 09:58:22,296 - __main__ - INFO - run_continuous_collection:405 - Cycle complete: 104/120 successful in 10.9s
2025-06-01 09:58:22,296 - __main__ - INFO - run_continuous_collection:415 - Sleeping for 3589.1 seconds until next cycle...
